#
# There is insufficient memory for the Java Runtime Environment to continue.
# Native memory allocation (mmap) failed to map 125829120 bytes for G1 virtual space
# Possible reasons:
#   The system is out of physical RAM or swap space
#   The process is running with CompressedOops enabled, and the Java Heap may be blocking the growth of the native heap
# Possible solutions:
#   Reduce memory load on the system
#   Increase physical memory or swap space
#   Check if swap backing store is full
#   Decrease Java heap size (-Xmx/-Xms)
#   Decrease number of Java threads
#   Decrease Java thread stack sizes (-Xss)
#   Set larger code cache with -XX:ReservedCodeCacheSize=
#   JVM is running with Unscaled Compressed Oops mode in which the Java heap is
#     placed in the first 4GB address space. The Java Heap base address is the
#     maximum limit for the native heap growth. Please use -XX:HeapBaseMinAddress
#     to set the Java Heap base and to place the Java Heap above 4GB virtual address.
# This output file may be truncated or incomplete.
#
#  Out of Memory Error (os_windows.cpp:3600), pid=22844, tid=23788
#
# JRE version:  (21.0.2+13) (build )
# Java VM: Java HotSpot(TM) 64-Bit Server VM (21.0.2+13-LTS-58, mixed mode, sharing, tiered, compressed oops, compressed class ptrs, g1 gc, windows-amd64)
# No core dump will be written. Minidumps are not enabled by default on client versions of Windows
#

---------------  S U M M A R Y ------------

Command Line: -Dfile.encoding=UTF-8 --module-path=C:\Users\USER\OneDrive\Desktop\Banking System\build\classes banking.system.Login

Host: AMD Ryzen 5 PRO 4650G with Radeon Graphics, 12 cores, 7G,  Windows 11 , 64 bit Build 22621 (10.0.22621.5124)
Time: Mon May 12 01:48:56 2025 Bangladesh Standard Time elapsed time: 0.013229 seconds (0d 0h 0m 0s)

---------------  T H R E A D  ---------------

Current thread (0x000002012e6ddf90):  JavaThread "Unknown thread" [_thread_in_vm, id=23788, stack(0x000000552c300000,0x000000552c400000) (1024K)]

Stack: [0x000000552c300000,0x000000552c400000]
Native frames: (J=compiled Java code, j=interpreted, Vv=VM code, C=native code)
V  [jvm.dll+0x6cade9]
V  [jvm.dll+0x8569c1]
V  [jvm.dll+0x858d2e]
V  [jvm.dll+0x859413]
V  [jvm.dll+0x280e56]
V  [jvm.dll+0x6c74d5]
V  [jvm.dll+0x6bbeca]
V  [jvm.dll+0x355bca]
V  [jvm.dll+0x35d816]
V  [jvm.dll+0x3ae67e]
V  [jvm.dll+0x3ae928]
V  [jvm.dll+0x3295dc]
V  [jvm.dll+0x32a16b]
V  [jvm.dll+0x81efa9]
V  [jvm.dll+0x3bba01]
V  [jvm.dll+0x807928]
V  [jvm.dll+0x44f50e]
V  [jvm.dll+0x450e11]
C  [jli.dll+0x52a3]
C  [ucrtbase.dll+0x29333]
C  [KERNEL32.DLL+0x1259d]
C  [ntdll.dll+0x5af38]


---------------  P R O C E S S  ---------------

Threads class SMR info:
_java_thread_list=0x00007ffadc5dbb88, length=0, elements={
}

Java Threads: ( => current thread )
Total: 0

Other Threads:
  0x000002013098a070 WorkerThread "GC Thread#0"                     [id=19756, stack(0x000000552c400000,0x000000552c500000) (1024K)]
  0x000002013099ac30 ConcurrentGCThread "G1 Main Marker"            [id=23632, stack(0x000000552c500000,0x000000552c600000) (1024K)]
  0x000002013099b7f0 WorkerThread "G1 Conc#0"                       [id=8004, stack(0x000000552c600000,0x000000552c700000) (1024K)]

[error occurred during error reporting (printing all threads), id 0xc0000005, EXCEPTION_ACCESS_VIOLATION (0xc0000005) at pc=0x00007ffadbd4c6a7]
VM state: not at safepoint (not fully initialized)

VM Mutex/Monitor currently owned by a thread:  ([mutex/lock_event])
[0x00007ffadc64ce68] Heap_lock - owner thread: 0x000002012e6ddf90

Heap address: 0x0000000089a00000, size: 1894 MB, Compressed Oops mode: 32-bit

CDS archive(s) mapped at: [0x0000000000000000-0x0000000000000000-0x0000000000000000), size 0, SharedBaseAddress: 0x0000000800000000, ArchiveRelocationMode: 1.
Narrow klass base: 0x0000000000000000, Narrow klass shift: 0, Narrow klass range: 0x0

GC Precious Log:
 CardTable entry size: 512
 Card Set container configuration: InlinePtr #cards 5 size 8 Array Of Cards #cards 12 size 40 Howl #buckets 4 coarsen threshold 1843 Howl Bitmap #cards 512 size 80 coarsen threshold 460 Card regions per heap region 1 cards per card region 2048

Heap:
 garbage-first heap   total 0K, used 0K [0x0000000089a00000, 0x0000000100000000)
  region size 1024K, 0 young (0K), 0 survivors (0K)

[error occurred during error reporting (printing heap information), id 0xc0000005, EXCEPTION_ACCESS_VIOLATION (0xc0000005) at pc=0x00007ffadc1339f9]
GC Heap History (0 events):
No events

Dll operation events (1 events):
Event: 0.008 Loaded shared library C:\Program Files\Java\jdk-21\bin\java.dll

Deoptimization events (0 events):
No events

Classes loaded (0 events):
No events

Classes unloaded (0 events):
No events

Classes redefined (0 events):
No events

Internal exceptions (0 events):
No events

ZGC Phase Switch (0 events):
No events

VM Operations (0 events):
No events

Events (0 events):
No events


Dynamic libraries:
0x00007ff7d9870000 - 0x00007ff7d9880000 	C:\Program Files\Java\jdk-21\bin\java.exe
0x00007ffb96f10000 - 0x00007ffb97127000 	C:\WINDOWS\SYSTEM32\ntdll.dll
0x00007ffb960a0000 - 0x00007ffb96164000 	C:\WINDOWS\System32\KERNEL32.DLL
0x00007ffb944f0000 - 0x00007ffb948c3000 	C:\WINDOWS\System32\KERNELBASE.dll
0x00007ffb94330000 - 0x00007ffb94441000 	C:\WINDOWS\System32\ucrtbase.dll
0x00007ffb885f0000 - 0x00007ffb8860b000 	C:\Program Files\Java\jdk-21\bin\VCRUNTIME140.dll
0x00007ffb65040000 - 0x00007ffb65059000 	C:\Program Files\Java\jdk-21\bin\jli.dll
0x00007ffb961f0000 - 0x00007ffb962a1000 	C:\WINDOWS\System32\ADVAPI32.dll
0x00007ffb96e20000 - 0x00007ffb96ec7000 	C:\WINDOWS\System32\msvcrt.dll
0x00007ffb96830000 - 0x00007ffb968d8000 	C:\WINDOWS\System32\sechost.dll
0x00007ffb94020000 - 0x00007ffb94048000 	C:\WINDOWS\System32\bcrypt.dll
0x00007ffb95180000 - 0x00007ffb95294000 	C:\WINDOWS\System32\RPCRT4.dll
0x00007ffb96670000 - 0x00007ffb96821000 	C:\WINDOWS\System32\USER32.dll
0x00007ffb83d60000 - 0x00007ffb83ff8000 	C:\WINDOWS\WinSxS\amd64_microsoft.windows.common-controls_6595b64144ccf1df_6.0.22621.5124_none_270e8f4f7386d69d\COMCTL32.dll
0x00007ffb94190000 - 0x00007ffb941b6000 	C:\WINDOWS\System32\win32u.dll
0x00007ffb94bb0000 - 0x00007ffb94bd9000 	C:\WINDOWS\System32\GDI32.dll
0x00007ffb948d0000 - 0x00007ffb949eb000 	C:\WINDOWS\System32\gdi32full.dll
0x00007ffb94450000 - 0x00007ffb944ea000 	C:\WINDOWS\System32\msvcp_win.dll
0x00007ffb8cc50000 - 0x00007ffb8cc5a000 	C:\WINDOWS\SYSTEM32\VERSION.dll
0x00007ffb96930000 - 0x00007ffb96961000 	C:\WINDOWS\System32\IMM32.DLL
0x00007ffb912c0000 - 0x00007ffb912cc000 	C:\Program Files\Java\jdk-21\bin\vcruntime140_1.dll
0x00007ffb666f0000 - 0x00007ffb6677e000 	C:\Program Files\Java\jdk-21\bin\msvcp140.dll
0x00007ffadba10000 - 0x00007ffadc727000 	C:\Program Files\Java\jdk-21\bin\server\jvm.dll
0x00007ffb94f40000 - 0x00007ffb94fb1000 	C:\WINDOWS\System32\WS2_32.dll
0x00007ffb93d40000 - 0x00007ffb93d8d000 	C:\WINDOWS\SYSTEM32\POWRPROF.dll
0x00007ffb8aef0000 - 0x00007ffb8af24000 	C:\WINDOWS\SYSTEM32\WINMM.dll
0x00007ffb93d20000 - 0x00007ffb93d33000 	C:\WINDOWS\SYSTEM32\UMPDC.dll
0x00007ffb93010000 - 0x00007ffb93028000 	C:\WINDOWS\SYSTEM32\kernel.appcore.dll
0x00007ffb90e00000 - 0x00007ffb90e0a000 	C:\Program Files\Java\jdk-21\bin\jimage.dll
0x00007ffb8d740000 - 0x00007ffb8d972000 	C:\WINDOWS\SYSTEM32\DBGHELP.DLL
0x00007ffb962b0000 - 0x00007ffb96642000 	C:\WINDOWS\System32\combase.dll
0x00007ffb952d0000 - 0x00007ffb953a7000 	C:\WINDOWS\System32\OLEAUT32.dll
0x00007ffb6ee10000 - 0x00007ffb6ee42000 	C:\WINDOWS\SYSTEM32\dbgcore.DLL
0x00007ffb94a70000 - 0x00007ffb94aeb000 	C:\WINDOWS\System32\bcryptPrimitives.dll
0x00007ffb88010000 - 0x00007ffb8802f000 	C:\Program Files\Java\jdk-21\bin\java.dll

dbghelp: loaded successfully - version: 4.0.5 - missing functions: none
symbol engine: initialized successfully - sym options: 0x614 - pdb path: .;C:\Program Files\Java\jdk-21\bin;C:\WINDOWS\SYSTEM32;C:\WINDOWS\WinSxS\amd64_microsoft.windows.common-controls_6595b64144ccf1df_6.0.22621.5124_none_270e8f4f7386d69d;C:\Program Files\Java\jdk-21\bin\server

VM Arguments:
jvm_args: -Dfile.encoding=UTF-8 --module-path=C:\Users\USER\OneDrive\Desktop\Banking System\build\classes 
java_command: banking.system.Login
java_class_path (initial): C:\Users\USER\OneDrive\Desktop\jcalendar-tz-1.3.3-4.jar;C:\Users\USER\OneDrive\Desktop\sqljdbc_12.10\enu\jars;C:\Users\USER\OneDrive\Desktop\Banking System\build\classes
Launcher Type: SUN_STANDARD

[Global flags]
     intx CICompilerCount                          = 4                                         {product} {ergonomic}
     uint ConcGCThreads                            = 3                                         {product} {ergonomic}
     uint G1ConcRefinementThreads                  = 10                                        {product} {ergonomic}
   size_t G1HeapRegionSize                         = 1048576                                   {product} {ergonomic}
    uintx GCDrainStackTargetSize                   = 64                                        {product} {ergonomic}
   size_t InitialHeapSize                          = 125829120                                 {product} {ergonomic}
   size_t MarkStackSize                            = 4194304                                   {product} {ergonomic}
   size_t MaxHeapSize                              = 1986002944                                {product} {ergonomic}
   size_t MinHeapDeltaBytes                        = 1048576                                   {product} {ergonomic}
   size_t MinHeapSize                              = 8388608                                   {product} {ergonomic}
    uintx NonNMethodCodeHeapSize                   = 5839372                                {pd product} {ergonomic}
    uintx NonProfiledCodeHeapSize                  = 122909434                              {pd product} {ergonomic}
    uintx ProfiledCodeHeapSize                     = 122909434                              {pd product} {ergonomic}
    uintx ReservedCodeCacheSize                    = 251658240                              {pd product} {ergonomic}
     bool SegmentedCodeCache                       = true                                      {product} {ergonomic}
   size_t SoftMaxHeapSize                          = 1986002944                             {manageable} {ergonomic}
     bool UseCompressedOops                        = true                           {product lp64_product} {ergonomic}
     bool UseG1GC                                  = true                                      {product} {ergonomic}
     bool UseLargePagesIndividualAllocation        = false                                  {pd product} {ergonomic}

Logging:
Log output configuration:
 #0: stdout all=warning uptime,level,tags foldmultilines=false
 #1: stderr all=off uptime,level,tags foldmultilines=false

Environment Variables:
PATH=C:\Program Files\Common Files\Oracle\Java\javapath;C:\WINDOWS\system32;C:\WINDOWS;C:\WINDOWS\System32\Wbem;C:\WINDOWS\System32\WindowsPowerShell\v1.0\;C:\WINDOWS\System32\OpenSSH\;C:\MinGW\bin;C:\Program Files\Cloudflare\Cloudflare WARP\;C:\Program Files (x86)\Microsoft SQL Server\160\Tools\Binn\;C:\Program Files\Microsoft SQL Server\160\Tools\Binn\;C:\Program Files\Microsoft SQL Server\Client SDK\ODBC\170\Tools\Binn\;C:\Program Files\Microsoft SQL Server\160\DTS\Binn\;C:\Program Files (x86)\Microsoft SQL Server\160\DTS\Binn\;C:\Users\USER\AppData\Local\Programs\Python\Python312\Scripts\;C:\Users\USER\AppData\Local\Programs\Python\Python312\;C:\Users\USER\AppData\Local\Microsoft\WindowsApps;C:\Users\USER\AppData\Local\Programs\Microsoft VS Code\bin
USERNAME=USER
OS=Windows_NT
PROCESSOR_IDENTIFIER=AMD64 Family 23 Model 96 Stepping 1, AuthenticAMD
TMP=C:\Users\USER\AppData\Local\Temp
TEMP=C:\Users\USER\AppData\Local\Temp




Periodic native trim disabled

---------------  S Y S T E M  ---------------

OS:
 Windows 11 , 64 bit Build 22621 (10.0.22621.5124)
OS uptime: 7 days 23:00 hours
Hyper-V role detected

CPU: total 12 (initial active 12) (12 cores per cpu, 2 threads per core) family 23 model 96 stepping 1 microcode 0x0, cx8, cmov, fxsr, ht, mmx, 3dnowpref, sse, sse2, sse3, ssse3, sse4a, sse4.1, sse4.2, popcnt, lzcnt, tsc, tscinvbit, avx, avx2, aes, clmul, bmi1, bmi2, adx, sha, fma, vzeroupper, clflush, clflushopt, hv, rdtscp, rdpid, f16c
Processor Information for all 12 processors :
  Max Mhz: 3701, Current Mhz: 3701, Mhz Limit: 3701

Memory: 4k page, system-wide physical 7573M (770M free)
TotalPageFile size 19861M (AvailPageFile size 73M)
current process WorkingSet (physical memory assigned to process): 11M, peak: 11M
current process commit charge ("private bytes"): 64M, peak: 184M

vm_info: Java HotSpot(TM) 64-Bit Server VM (21.0.2+13-LTS-58) for windows-amd64 JRE (21.0.2+13-LTS-58), built on 2024-01-05T18:32:24Z by "mach5one" with MS VC++ 17.1 (VS2022)

END.
