#
# There is insufficient memory for the Java Runtime Environment to continue.
# Native memory allocation (malloc) failed to allocate 873504 bytes for Chunk::new
# Possible reasons:
#   The system is out of physical RAM or swap space
#   The process is running with CompressedOops enabled, and the Java Heap may be blocking the growth of the native heap
# Possible solutions:
#   Reduce memory load on the system
#   Increase physical memory or swap space
#   Check if swap backing store is full
#   Decrease Java heap size (-Xmx/-Xms)
#   Decrease number of Java threads
#   Decrease Java thread stack sizes (-Xss)
#   Set larger code cache with -XX:ReservedCodeCacheSize=
#   JVM is running with Unscaled Compressed Oops mode in which the Java heap is
#     placed in the first 4GB address space. The Java Heap base address is the
#     maximum limit for the native heap growth. Please use -XX:HeapBaseMinAddress
#     to set the Java Heap base and to place the Java Heap above 4GB virtual address.
# This output file may be truncated or incomplete.
#
#  Out of Memory Error (arena.cpp:168), pid=9948, tid=16804
#
# JRE version: Java(TM) SE Runtime Environment (21.0.2+13) (build 21.0.2+13-LTS-58)
# Java VM: Java HotSpot(TM) 64-Bit Server VM (21.0.2+13-LTS-58, mixed mode, sharing, tiered, compressed oops, compressed class ptrs, g1 gc, windows-amd64)
# No core dump will be written. Minidumps are not enabled by default on client versions of Windows
#

---------------  S U M M A R Y ------------

Command Line: -Dfile.encoding=UTF-8 --module-path=C:\Users\USER\OneDrive\Desktop\Banking System\build\classes banking.system.Login

Host: AMD Ryzen 5 PRO 4650G with Radeon Graphics, 12 cores, 7G,  Windows 11 , 64 bit Build 22621 (10.0.22621.5124)
Time: Mon May 12 01:51:00 2025 Bangladesh Standard Time elapsed time: 0.769227 seconds (0d 0h 0m 0s)

---------------  T H R E A D  ---------------

Current thread (0x0000018bc0e41330):  JavaThread "C2 CompilerThread0" daemon [_thread_in_native, id=16804, stack(0x0000003265200000,0x0000003265300000) (1024K)]


Current CompileTask:
C2:    769 1242   !   4       sun.font.TrueTypeFont::getTableBuffer (208 bytes)

Stack: [0x0000003265200000,0x0000003265300000]
Native frames: (J=compiled Java code, j=interpreted, Vv=VM code, C=native code)
V  [jvm.dll+0x6cade9]
V  [jvm.dll+0x8569c1]
V  [jvm.dll+0x858d2e]
V  [jvm.dll+0x859413]
V  [jvm.dll+0x280e56]
V  [jvm.dll+0xc3f3d]
V  [jvm.dll+0xc4473]
V  [jvm.dll+0x3b5c2c]
V  [jvm.dll+0x382855]
V  [jvm.dll+0x381cca]
V  [jvm.dll+0x249bd0]
V  [jvm.dll+0x2491b1]
V  [jvm.dll+0x1c9634]
V  [jvm.dll+0x258859]
V  [jvm.dll+0x256e3a]
V  [jvm.dll+0x3ef6c6]
V  [jvm.dll+0x7ff568]
V  [jvm.dll+0x6c953d]
C  [ucrtbase.dll+0x29333]
C  [KERNEL32.DLL+0x1259d]
C  [ntdll.dll+0x5af38]


---------------  P R O C E S S  ---------------

Threads class SMR info:
_java_thread_list=0x0000018c07607f80, length=18, elements={
0x0000018bc0e2d180, 0x0000018bc0e2feb0, 0x0000018bc0e31e10, 0x0000018bc0e34420,
0x0000018bc0e359f0, 0x0000018bc0e36580, 0x0000018bc0e41330, 0x0000018bc0e65410,
0x0000018c06094bc0, 0x0000018c061811c0, 0x0000018c062ff8e0, 0x0000018c06303c40,
0x0000018c06309670, 0x0000018c07329db0, 0x0000018c0731c0e0, 0x0000018c07379680,
0x0000018ba1fc74d0, 0x0000018c0ca00ae0
}

Java Threads: ( => current thread )
  0x0000018bc0e2d180 JavaThread "Reference Handler"          daemon [_thread_blocked, id=18596, stack(0x0000003264c00000,0x0000003264d00000) (1024K)]
  0x0000018bc0e2feb0 JavaThread "Finalizer"                  daemon [_thread_blocked, id=2620, stack(0x0000003264d00000,0x0000003264e00000) (1024K)]
  0x0000018bc0e31e10 JavaThread "Signal Dispatcher"          daemon [_thread_blocked, id=11048, stack(0x0000003264e00000,0x0000003264f00000) (1024K)]
  0x0000018bc0e34420 JavaThread "Attach Listener"            daemon [_thread_blocked, id=20060, stack(0x0000003264f00000,0x0000003265000000) (1024K)]
  0x0000018bc0e359f0 JavaThread "Service Thread"             daemon [_thread_blocked, id=17676, stack(0x0000003265000000,0x0000003265100000) (1024K)]
  0x0000018bc0e36580 JavaThread "Monitor Deflation Thread"   daemon [_thread_blocked, id=2992, stack(0x0000003265100000,0x0000003265200000) (1024K)]
=>0x0000018bc0e41330 JavaThread "C2 CompilerThread0"         daemon [_thread_in_native, id=16804, stack(0x0000003265200000,0x0000003265300000) (1024K)]
  0x0000018bc0e65410 JavaThread "C1 CompilerThread0"         daemon [_thread_blocked, id=2284, stack(0x0000003265300000,0x0000003265400000) (1024K)]
  0x0000018c06094bc0 JavaThread "Common-Cleaner"             daemon [_thread_blocked, id=12424, stack(0x0000003265400000,0x0000003265500000) (1024K)]
  0x0000018c061811c0 JavaThread "Notification Thread"        daemon [_thread_blocked, id=9472, stack(0x0000003265500000,0x0000003265600000) (1024K)]
  0x0000018c062ff8e0 JavaThread "Java2D Disposer"            daemon [_thread_blocked, id=7452, stack(0x0000003265600000,0x0000003265700000) (1024K)]
  0x0000018c06303c40 JavaThread "AWT-Shutdown"                      [_thread_blocked, id=1372, stack(0x0000003265700000,0x0000003265800000) (1024K)]
  0x0000018c06309670 JavaThread "AWT-Windows"                daemon [_thread_in_native, id=9816, stack(0x0000003265800000,0x0000003265900000) (1024K)]
  0x0000018c07329db0 JavaThread "Image Fetcher 0"            daemon [_thread_blocked, id=4340, stack(0x0000003265b00000,0x0000003265c00000) (1024K)]
  0x0000018c0731c0e0 JavaThread "C2 CompilerThread1"         daemon [_thread_blocked, id=21808, stack(0x0000003265c00000,0x0000003265d00000) (1024K)]
  0x0000018c07379680 JavaThread "AWT-EventQueue-0"                  [_thread_blocked, id=26716, stack(0x0000003265d00000,0x0000003265e00000) (1024K)]
  0x0000018ba1fc74d0 JavaThread "DestroyJavaVM"                     [_thread_blocked, id=18840, stack(0x0000003264400000,0x0000003264500000) (1024K)]
  0x0000018c0ca00ae0 JavaThread "TimerQueue"                 daemon [_thread_blocked, id=6808, stack(0x0000003265f00000,0x0000003266000000) (1024K)]
Total: 18

Other Threads:
  0x0000018bc0e0e260 VMThread "VM Thread"                           [id=24856, stack(0x0000003264b00000,0x0000003264c00000) (1024K)]
  0x0000018bc0df5280 WatcherThread "VM Periodic Task Thread"        [id=22744, stack(0x0000003264a00000,0x0000003264b00000) (1024K)]
  0x0000018ba4368dd0 WorkerThread "GC Thread#0"                     [id=13520, stack(0x0000003264500000,0x0000003264600000) (1024K)]
  0x0000018ba437a440 ConcurrentGCThread "G1 Main Marker"            [id=4972, stack(0x0000003264600000,0x0000003264700000) (1024K)]
  0x0000018ba437b750 WorkerThread "G1 Conc#0"                       [id=1436, stack(0x0000003264700000,0x0000003264800000) (1024K)]
  0x0000018ba43de9e0 ConcurrentGCThread "G1 Refine#0"               [id=7612, stack(0x0000003264800000,0x0000003264900000) (1024K)]
  0x0000018bc0ccd780 ConcurrentGCThread "G1 Service"                [id=5664, stack(0x0000003264900000,0x0000003264a00000) (1024K)]
Total: 7

Threads with active compile tasks:
C2 CompilerThread0      787 1242   !   4       sun.font.TrueTypeFont::getTableBuffer (208 bytes)
Total: 1

VM state: not at safepoint (normal execution)

VM Mutex/Monitor currently owned by a thread: None

Heap address: 0x0000000089a00000, size: 1894 MB, Compressed Oops mode: 32-bit

CDS archive(s) mapped at: [0x0000018bc1000000-0x0000018bc1c90000-0x0000018bc1c90000), size 13172736, SharedBaseAddress: 0x0000018bc1000000, ArchiveRelocationMode: 1.
Compressed class space mapped at: 0x0000018bc2000000-0x0000018c02000000, reserved size: 1073741824
Narrow klass base: 0x0000018bc1000000, Narrow klass shift: 0, Narrow klass range: 0x100000000

GC Precious Log:
 CardTable entry size: 512
 Card Set container configuration: InlinePtr #cards 5 size 8 Array Of Cards #cards 12 size 40 Howl #buckets 4 coarsen threshold 1843 Howl Bitmap #cards 512 size 80 coarsen threshold 460 Card regions per heap region 1 cards per card region 2048
 CPUs: 12 total, 12 available
 Memory: 7573M
 Large Page Support: Disabled
 NUMA Support: Disabled
 Compressed Oops: Enabled (32-bit)
 Heap Region Size: 1M
 Heap Min Capacity: 8M
 Heap Initial Capacity: 120M
 Heap Max Capacity: 1894M
 Pre-touch: Disabled
 Parallel Workers: 10
 Concurrent Workers: 3
 Concurrent Refinement Workers: 10
 Periodic GC: Disabled

Heap:
 garbage-first heap   total 122880K, used 21504K [0x0000000089a00000, 0x0000000100000000)
  region size 1024K, 21 young (21504K), 0 survivors (0K)
 Metaspace       used 8605K, committed 8832K, reserved 1114112K
  class space    used 922K, committed 1024K, reserved 1048576K

Heap Regions: E=young(eden), S=young(survivor), O=old, HS=humongous(starts), HC=humongous(continues), CS=collection set, F=free, TAMS=top-at-mark-start, PB=parsable bottom
|   0|0x0000000089a00000, 0x0000000089b00000, 0x0000000089b00000|100%|HS|  |TAMS 0x0000000089a00000| PB 0x0000000089a00000| Complete 
|   1|0x0000000089b00000, 0x0000000089c00000, 0x0000000089c00000|100%|HC|  |TAMS 0x0000000089b00000| PB 0x0000000089b00000| Complete 
|   2|0x0000000089c00000, 0x0000000089c00000, 0x0000000089d00000|  0%| F|  |TAMS 0x0000000089c00000| PB 0x0000000089c00000| Untracked 
|   3|0x0000000089d00000, 0x0000000089d00000, 0x0000000089e00000|  0%| F|  |TAMS 0x0000000089d00000| PB 0x0000000089d00000| Untracked 
|   4|0x0000000089e00000, 0x0000000089e00000, 0x0000000089f00000|  0%| F|  |TAMS 0x0000000089e00000| PB 0x0000000089e00000| Untracked 
|   5|0x0000000089f00000, 0x0000000089f00000, 0x000000008a000000|  0%| F|  |TAMS 0x0000000089f00000| PB 0x0000000089f00000| Untracked 
|   6|0x000000008a000000, 0x000000008a000000, 0x000000008a100000|  0%| F|  |TAMS 0x000000008a000000| PB 0x000000008a000000| Untracked 
|   7|0x000000008a100000, 0x000000008a100000, 0x000000008a200000|  0%| F|  |TAMS 0x000000008a100000| PB 0x000000008a100000| Untracked 
|   8|0x000000008a200000, 0x000000008a200000, 0x000000008a300000|  0%| F|  |TAMS 0x000000008a200000| PB 0x000000008a200000| Untracked 
|   9|0x000000008a300000, 0x000000008a300000, 0x000000008a400000|  0%| F|  |TAMS 0x000000008a300000| PB 0x000000008a300000| Untracked 
|  10|0x000000008a400000, 0x000000008a400000, 0x000000008a500000|  0%| F|  |TAMS 0x000000008a400000| PB 0x000000008a400000| Untracked 
|  11|0x000000008a500000, 0x000000008a500000, 0x000000008a600000|  0%| F|  |TAMS 0x000000008a500000| PB 0x000000008a500000| Untracked 
|  12|0x000000008a600000, 0x000000008a600000, 0x000000008a700000|  0%| F|  |TAMS 0x000000008a600000| PB 0x000000008a600000| Untracked 
|  13|0x000000008a700000, 0x000000008a700000, 0x000000008a800000|  0%| F|  |TAMS 0x000000008a700000| PB 0x000000008a700000| Untracked 
|  14|0x000000008a800000, 0x000000008a800000, 0x000000008a900000|  0%| F|  |TAMS 0x000000008a800000| PB 0x000000008a800000| Untracked 
|  15|0x000000008a900000, 0x000000008a900000, 0x000000008aa00000|  0%| F|  |TAMS 0x000000008a900000| PB 0x000000008a900000| Untracked 
|  16|0x000000008aa00000, 0x000000008aa00000, 0x000000008ab00000|  0%| F|  |TAMS 0x000000008aa00000| PB 0x000000008aa00000| Untracked 
|  17|0x000000008ab00000, 0x000000008ab00000, 0x000000008ac00000|  0%| F|  |TAMS 0x000000008ab00000| PB 0x000000008ab00000| Untracked 
|  18|0x000000008ac00000, 0x000000008ac00000, 0x000000008ad00000|  0%| F|  |TAMS 0x000000008ac00000| PB 0x000000008ac00000| Untracked 
|  19|0x000000008ad00000, 0x000000008ad00000, 0x000000008ae00000|  0%| F|  |TAMS 0x000000008ad00000| PB 0x000000008ad00000| Untracked 
|  20|0x000000008ae00000, 0x000000008ae00000, 0x000000008af00000|  0%| F|  |TAMS 0x000000008ae00000| PB 0x000000008ae00000| Untracked 
|  21|0x000000008af00000, 0x000000008af00000, 0x000000008b000000|  0%| F|  |TAMS 0x000000008af00000| PB 0x000000008af00000| Untracked 
|  22|0x000000008b000000, 0x000000008b000000, 0x000000008b100000|  0%| F|  |TAMS 0x000000008b000000| PB 0x000000008b000000| Untracked 
|  23|0x000000008b100000, 0x000000008b100000, 0x000000008b200000|  0%| F|  |TAMS 0x000000008b100000| PB 0x000000008b100000| Untracked 
|  24|0x000000008b200000, 0x000000008b200000, 0x000000008b300000|  0%| F|  |TAMS 0x000000008b200000| PB 0x000000008b200000| Untracked 
|  25|0x000000008b300000, 0x000000008b300000, 0x000000008b400000|  0%| F|  |TAMS 0x000000008b300000| PB 0x000000008b300000| Untracked 
|  26|0x000000008b400000, 0x000000008b400000, 0x000000008b500000|  0%| F|  |TAMS 0x000000008b400000| PB 0x000000008b400000| Untracked 
|  27|0x000000008b500000, 0x000000008b500000, 0x000000008b600000|  0%| F|  |TAMS 0x000000008b500000| PB 0x000000008b500000| Untracked 
|  28|0x000000008b600000, 0x000000008b600000, 0x000000008b700000|  0%| F|  |TAMS 0x000000008b600000| PB 0x000000008b600000| Untracked 
|  29|0x000000008b700000, 0x000000008b700000, 0x000000008b800000|  0%| F|  |TAMS 0x000000008b700000| PB 0x000000008b700000| Untracked 
|  30|0x000000008b800000, 0x000000008b800000, 0x000000008b900000|  0%| F|  |TAMS 0x000000008b800000| PB 0x000000008b800000| Untracked 
|  31|0x000000008b900000, 0x000000008b900000, 0x000000008ba00000|  0%| F|  |TAMS 0x000000008b900000| PB 0x000000008b900000| Untracked 
|  32|0x000000008ba00000, 0x000000008ba00000, 0x000000008bb00000|  0%| F|  |TAMS 0x000000008ba00000| PB 0x000000008ba00000| Untracked 
|  33|0x000000008bb00000, 0x000000008bb00000, 0x000000008bc00000|  0%| F|  |TAMS 0x000000008bb00000| PB 0x000000008bb00000| Untracked 
|  34|0x000000008bc00000, 0x000000008bc00000, 0x000000008bd00000|  0%| F|  |TAMS 0x000000008bc00000| PB 0x000000008bc00000| Untracked 
|  35|0x000000008bd00000, 0x000000008bd00000, 0x000000008be00000|  0%| F|  |TAMS 0x000000008bd00000| PB 0x000000008bd00000| Untracked 
|  36|0x000000008be00000, 0x000000008be00000, 0x000000008bf00000|  0%| F|  |TAMS 0x000000008be00000| PB 0x000000008be00000| Untracked 
|  37|0x000000008bf00000, 0x000000008bf00000, 0x000000008c000000|  0%| F|  |TAMS 0x000000008bf00000| PB 0x000000008bf00000| Untracked 
|  38|0x000000008c000000, 0x000000008c000000, 0x000000008c100000|  0%| F|  |TAMS 0x000000008c000000| PB 0x000000008c000000| Untracked 
|  39|0x000000008c100000, 0x000000008c100000, 0x000000008c200000|  0%| F|  |TAMS 0x000000008c100000| PB 0x000000008c100000| Untracked 
|  40|0x000000008c200000, 0x000000008c200000, 0x000000008c300000|  0%| F|  |TAMS 0x000000008c200000| PB 0x000000008c200000| Untracked 
|  41|0x000000008c300000, 0x000000008c300000, 0x000000008c400000|  0%| F|  |TAMS 0x000000008c300000| PB 0x000000008c300000| Untracked 
|  42|0x000000008c400000, 0x000000008c400000, 0x000000008c500000|  0%| F|  |TAMS 0x000000008c400000| PB 0x000000008c400000| Untracked 
|  43|0x000000008c500000, 0x000000008c500000, 0x000000008c600000|  0%| F|  |TAMS 0x000000008c500000| PB 0x000000008c500000| Untracked 
|  44|0x000000008c600000, 0x000000008c600000, 0x000000008c700000|  0%| F|  |TAMS 0x000000008c600000| PB 0x000000008c600000| Untracked 
|  45|0x000000008c700000, 0x000000008c700000, 0x000000008c800000|  0%| F|  |TAMS 0x000000008c700000| PB 0x000000008c700000| Untracked 
|  46|0x000000008c800000, 0x000000008c800000, 0x000000008c900000|  0%| F|  |TAMS 0x000000008c800000| PB 0x000000008c800000| Untracked 
|  47|0x000000008c900000, 0x000000008c900000, 0x000000008ca00000|  0%| F|  |TAMS 0x000000008c900000| PB 0x000000008c900000| Untracked 
|  48|0x000000008ca00000, 0x000000008ca00000, 0x000000008cb00000|  0%| F|  |TAMS 0x000000008ca00000| PB 0x000000008ca00000| Untracked 
|  49|0x000000008cb00000, 0x000000008cb00000, 0x000000008cc00000|  0%| F|  |TAMS 0x000000008cb00000| PB 0x000000008cb00000| Untracked 
|  50|0x000000008cc00000, 0x000000008cc00000, 0x000000008cd00000|  0%| F|  |TAMS 0x000000008cc00000| PB 0x000000008cc00000| Untracked 
|  51|0x000000008cd00000, 0x000000008cd00000, 0x000000008ce00000|  0%| F|  |TAMS 0x000000008cd00000| PB 0x000000008cd00000| Untracked 
|  52|0x000000008ce00000, 0x000000008ce00000, 0x000000008cf00000|  0%| F|  |TAMS 0x000000008ce00000| PB 0x000000008ce00000| Untracked 
|  53|0x000000008cf00000, 0x000000008cf00000, 0x000000008d000000|  0%| F|  |TAMS 0x000000008cf00000| PB 0x000000008cf00000| Untracked 
|  54|0x000000008d000000, 0x000000008d000000, 0x000000008d100000|  0%| F|  |TAMS 0x000000008d000000| PB 0x000000008d000000| Untracked 
|  55|0x000000008d100000, 0x000000008d100000, 0x000000008d200000|  0%| F|  |TAMS 0x000000008d100000| PB 0x000000008d100000| Untracked 
|  56|0x000000008d200000, 0x000000008d200000, 0x000000008d300000|  0%| F|  |TAMS 0x000000008d200000| PB 0x000000008d200000| Untracked 
|  57|0x000000008d300000, 0x000000008d300000, 0x000000008d400000|  0%| F|  |TAMS 0x000000008d300000| PB 0x000000008d300000| Untracked 
|  58|0x000000008d400000, 0x000000008d400000, 0x000000008d500000|  0%| F|  |TAMS 0x000000008d400000| PB 0x000000008d400000| Untracked 
|  59|0x000000008d500000, 0x000000008d500000, 0x000000008d600000|  0%| F|  |TAMS 0x000000008d500000| PB 0x000000008d500000| Untracked 
|  60|0x000000008d600000, 0x000000008d600000, 0x000000008d700000|  0%| F|  |TAMS 0x000000008d600000| PB 0x000000008d600000| Untracked 
|  61|0x000000008d700000, 0x000000008d700000, 0x000000008d800000|  0%| F|  |TAMS 0x000000008d700000| PB 0x000000008d700000| Untracked 
|  62|0x000000008d800000, 0x000000008d800000, 0x000000008d900000|  0%| F|  |TAMS 0x000000008d800000| PB 0x000000008d800000| Untracked 
|  63|0x000000008d900000, 0x000000008d900000, 0x000000008da00000|  0%| F|  |TAMS 0x000000008d900000| PB 0x000000008d900000| Untracked 
|  64|0x000000008da00000, 0x000000008da00000, 0x000000008db00000|  0%| F|  |TAMS 0x000000008da00000| PB 0x000000008da00000| Untracked 
|  65|0x000000008db00000, 0x000000008db00000, 0x000000008dc00000|  0%| F|  |TAMS 0x000000008db00000| PB 0x000000008db00000| Untracked 
|  66|0x000000008dc00000, 0x000000008dc00000, 0x000000008dd00000|  0%| F|  |TAMS 0x000000008dc00000| PB 0x000000008dc00000| Untracked 
|  67|0x000000008dd00000, 0x000000008dd00000, 0x000000008de00000|  0%| F|  |TAMS 0x000000008dd00000| PB 0x000000008dd00000| Untracked 
|  68|0x000000008de00000, 0x000000008de00000, 0x000000008df00000|  0%| F|  |TAMS 0x000000008de00000| PB 0x000000008de00000| Untracked 
|  69|0x000000008df00000, 0x000000008df00000, 0x000000008e000000|  0%| F|  |TAMS 0x000000008df00000| PB 0x000000008df00000| Untracked 
|  70|0x000000008e000000, 0x000000008e000000, 0x000000008e100000|  0%| F|  |TAMS 0x000000008e000000| PB 0x000000008e000000| Untracked 
|  71|0x000000008e100000, 0x000000008e100000, 0x000000008e200000|  0%| F|  |TAMS 0x000000008e100000| PB 0x000000008e100000| Untracked 
|  72|0x000000008e200000, 0x000000008e200000, 0x000000008e300000|  0%| F|  |TAMS 0x000000008e200000| PB 0x000000008e200000| Untracked 
|  73|0x000000008e300000, 0x000000008e300000, 0x000000008e400000|  0%| F|  |TAMS 0x000000008e300000| PB 0x000000008e300000| Untracked 
|  74|0x000000008e400000, 0x000000008e400000, 0x000000008e500000|  0%| F|  |TAMS 0x000000008e400000| PB 0x000000008e400000| Untracked 
|  75|0x000000008e500000, 0x000000008e500000, 0x000000008e600000|  0%| F|  |TAMS 0x000000008e500000| PB 0x000000008e500000| Untracked 
|  76|0x000000008e600000, 0x000000008e600000, 0x000000008e700000|  0%| F|  |TAMS 0x000000008e600000| PB 0x000000008e600000| Untracked 
|  77|0x000000008e700000, 0x000000008e700000, 0x000000008e800000|  0%| F|  |TAMS 0x000000008e700000| PB 0x000000008e700000| Untracked 
|  78|0x000000008e800000, 0x000000008e800000, 0x000000008e900000|  0%| F|  |TAMS 0x000000008e800000| PB 0x000000008e800000| Untracked 
|  79|0x000000008e900000, 0x000000008e900000, 0x000000008ea00000|  0%| F|  |TAMS 0x000000008e900000| PB 0x000000008e900000| Untracked 
|  80|0x000000008ea00000, 0x000000008ea00000, 0x000000008eb00000|  0%| F|  |TAMS 0x000000008ea00000| PB 0x000000008ea00000| Untracked 
|  81|0x000000008eb00000, 0x000000008eb00000, 0x000000008ec00000|  0%| F|  |TAMS 0x000000008eb00000| PB 0x000000008eb00000| Untracked 
|  82|0x000000008ec00000, 0x000000008ec00000, 0x000000008ed00000|  0%| F|  |TAMS 0x000000008ec00000| PB 0x000000008ec00000| Untracked 
|  83|0x000000008ed00000, 0x000000008ed00000, 0x000000008ee00000|  0%| F|  |TAMS 0x000000008ed00000| PB 0x000000008ed00000| Untracked 
|  84|0x000000008ee00000, 0x000000008ee00000, 0x000000008ef00000|  0%| F|  |TAMS 0x000000008ee00000| PB 0x000000008ee00000| Untracked 
|  85|0x000000008ef00000, 0x000000008ef00000, 0x000000008f000000|  0%| F|  |TAMS 0x000000008ef00000| PB 0x000000008ef00000| Untracked 
|  86|0x000000008f000000, 0x000000008f000000, 0x000000008f100000|  0%| F|  |TAMS 0x000000008f000000| PB 0x000000008f000000| Untracked 
|  87|0x000000008f100000, 0x000000008f100000, 0x000000008f200000|  0%| F|  |TAMS 0x000000008f100000| PB 0x000000008f100000| Untracked 
|  88|0x000000008f200000, 0x000000008f200000, 0x000000008f300000|  0%| F|  |TAMS 0x000000008f200000| PB 0x000000008f200000| Untracked 
|  89|0x000000008f300000, 0x000000008f300000, 0x000000008f400000|  0%| F|  |TAMS 0x000000008f300000| PB 0x000000008f300000| Untracked 
|  90|0x000000008f400000, 0x000000008f400000, 0x000000008f500000|  0%| F|  |TAMS 0x000000008f400000| PB 0x000000008f400000| Untracked 
|  91|0x000000008f500000, 0x000000008f500000, 0x000000008f600000|  0%| F|  |TAMS 0x000000008f500000| PB 0x000000008f500000| Untracked 
|  92|0x000000008f600000, 0x000000008f600000, 0x000000008f700000|  0%| F|  |TAMS 0x000000008f600000| PB 0x000000008f600000| Untracked 
|  93|0x000000008f700000, 0x000000008f700000, 0x000000008f800000|  0%| F|  |TAMS 0x000000008f700000| PB 0x000000008f700000| Untracked 
|  94|0x000000008f800000, 0x000000008f800000, 0x000000008f900000|  0%| F|  |TAMS 0x000000008f800000| PB 0x000000008f800000| Untracked 
|  95|0x000000008f900000, 0x000000008f900000, 0x000000008fa00000|  0%| F|  |TAMS 0x000000008f900000| PB 0x000000008f900000| Untracked 
|  96|0x000000008fa00000, 0x000000008fa00000, 0x000000008fb00000|  0%| F|  |TAMS 0x000000008fa00000| PB 0x000000008fa00000| Untracked 
|  97|0x000000008fb00000, 0x000000008fb00000, 0x000000008fc00000|  0%| F|  |TAMS 0x000000008fb00000| PB 0x000000008fb00000| Untracked 
|  98|0x000000008fc00000, 0x000000008fc00000, 0x000000008fd00000|  0%| F|  |TAMS 0x000000008fc00000| PB 0x000000008fc00000| Untracked 
|  99|0x000000008fd00000, 0x000000008fdec0a8, 0x000000008fe00000| 92%| E|  |TAMS 0x000000008fd00000| PB 0x000000008fd00000| Complete 
| 100|0x000000008fe00000, 0x000000008ff00000, 0x000000008ff00000|100%| E|CS|TAMS 0x000000008fe00000| PB 0x000000008fe00000| Complete 
| 101|0x000000008ff00000, 0x0000000090000000, 0x0000000090000000|100%| E|CS|TAMS 0x000000008ff00000| PB 0x000000008ff00000| Complete 
| 102|0x0000000090000000, 0x0000000090100000, 0x0000000090100000|100%| E|  |TAMS 0x0000000090000000| PB 0x0000000090000000| Complete 
| 103|0x0000000090100000, 0x0000000090200000, 0x0000000090200000|100%| E|CS|TAMS 0x0000000090100000| PB 0x0000000090100000| Complete 
| 104|0x0000000090200000, 0x0000000090300000, 0x0000000090300000|100%| E|CS|TAMS 0x0000000090200000| PB 0x0000000090200000| Complete 
| 105|0x0000000090300000, 0x0000000090400000, 0x0000000090400000|100%| E|CS|TAMS 0x0000000090300000| PB 0x0000000090300000| Complete 
| 106|0x0000000090400000, 0x0000000090500000, 0x0000000090500000|100%| E|CS|TAMS 0x0000000090400000| PB 0x0000000090400000| Complete 
| 107|0x0000000090500000, 0x0000000090600000, 0x0000000090600000|100%| E|CS|TAMS 0x0000000090500000| PB 0x0000000090500000| Complete 
| 108|0x0000000090600000, 0x0000000090700000, 0x0000000090700000|100%| E|CS|TAMS 0x0000000090600000| PB 0x0000000090600000| Complete 
| 109|0x0000000090700000, 0x0000000090800000, 0x0000000090800000|100%| E|CS|TAMS 0x0000000090700000| PB 0x0000000090700000| Complete 
| 110|0x0000000090800000, 0x0000000090900000, 0x0000000090900000|100%| E|CS|TAMS 0x0000000090800000| PB 0x0000000090800000| Complete 
| 111|0x0000000090900000, 0x0000000090a00000, 0x0000000090a00000|100%| E|CS|TAMS 0x0000000090900000| PB 0x0000000090900000| Complete 
| 112|0x0000000090a00000, 0x0000000090b00000, 0x0000000090b00000|100%| E|CS|TAMS 0x0000000090a00000| PB 0x0000000090a00000| Complete 
| 113|0x0000000090b00000, 0x0000000090c00000, 0x0000000090c00000|100%| E|CS|TAMS 0x0000000090b00000| PB 0x0000000090b00000| Complete 
| 114|0x0000000090c00000, 0x0000000090d00000, 0x0000000090d00000|100%| E|CS|TAMS 0x0000000090c00000| PB 0x0000000090c00000| Complete 
| 115|0x0000000090d00000, 0x0000000090e00000, 0x0000000090e00000|100%| E|CS|TAMS 0x0000000090d00000| PB 0x0000000090d00000| Complete 
| 116|0x0000000090e00000, 0x0000000090f00000, 0x0000000090f00000|100%| E|CS|TAMS 0x0000000090e00000| PB 0x0000000090e00000| Complete 
| 117|0x0000000090f00000, 0x0000000091000000, 0x0000000091000000|100%| E|CS|TAMS 0x0000000090f00000| PB 0x0000000090f00000| Complete 
| 118|0x0000000091000000, 0x0000000091100000, 0x0000000091100000|100%| E|CS|TAMS 0x0000000091000000| PB 0x0000000091000000| Complete 
| 119|0x0000000091100000, 0x0000000091200000, 0x0000000091200000|100%| E|CS|TAMS 0x0000000091100000| PB 0x0000000091100000| Complete 

Card table byte_map: [0x0000018bbc090000,0x0000018bbc450000] _byte_map_base: 0x0000018bbbc43000

Marking Bits: (CMBitMap*) 0x0000018ba43694d0
 Bits: [0x0000018bbc450000, 0x0000018bbe1e8000)

Polling page: 0x0000018ba2240000

Metaspace:

Usage:
  Non-class:      7.50 MB used.
      Class:    922.77 KB used.
       Both:      8.40 MB used.

Virtual space:
  Non-class space:       64.00 MB reserved,       7.62 MB ( 12%) committed,  1 nodes.
      Class space:        1.00 GB reserved,       1.00 MB ( <1%) committed,  1 nodes.
             Both:        1.06 GB reserved,       8.62 MB ( <1%) committed. 

Chunk freelists:
   Non-Class:  8.23 MB
       Class:  15.04 MB
        Both:  23.27 MB

MaxMetaspaceSize: unlimited
CompressedClassSpaceSize: 1.00 GB
Initial GC threshold: 21.00 MB
Current GC threshold: 21.00 MB
CDS: on
 - commit_granule_bytes: 65536.
 - commit_granule_words: 8192.
 - virtual_space_node_default_size: 8388608.
 - enlarge_chunks_in_place: 1.
 - use_allocation_guard: 0.


Internal statistics:

num_allocs_failed_limit: 0.
num_arena_births: 152.
num_arena_deaths: 0.
num_vsnodes_births: 2.
num_vsnodes_deaths: 0.
num_space_committed: 138.
num_space_uncommitted: 0.
num_chunks_returned_to_freelist: 0.
num_chunks_taken_from_freelist: 192.
num_chunk_merges: 0.
num_chunk_splits: 112.
num_chunks_enlarged: 42.
num_inconsistent_stats: 0.

CodeHeap 'non-profiled nmethods': size=120000Kb used=404Kb max_used=404Kb free=119595Kb
 bounds [0x0000018bb4250000, 0x0000018bb44c0000, 0x0000018bbb780000]
CodeHeap 'profiled nmethods': size=120000Kb used=2188Kb max_used=2188Kb free=117811Kb
 bounds [0x0000018bac780000, 0x0000018bac9f0000, 0x0000018bb3cb0000]
CodeHeap 'non-nmethods': size=5760Kb used=1564Kb max_used=1590Kb free=4195Kb
 bounds [0x0000018bb3cb0000, 0x0000018bb3f20000, 0x0000018bb4250000]
 total_blobs=1892 nmethods=1262 adapters=535
 compilation: enabled
              stopped_count=0, restarted_count=0
 full_count=0

Compilation events (20 events):
Event: 0.737 Thread 0x0000018bc0e65410 1245   !   3       sun.font.TrueTypeFont::getAllFullNames (30 bytes)
Event: 0.737 Thread 0x0000018c0731c0e0 1246   !   4       sun.nio.cs.UnicodeDecoder::decodeLoop (304 bytes)
Event: 0.738 Thread 0x0000018bc0e65410 nmethod 1245 0x0000018bac99dc90 code [0x0000018bac99dec0, 0x0000018bac99e7a8]
Event: 0.738 Thread 0x0000018bc0e65410 1248  s    3       sun.font.FontFamily::addLocaleNames (45 bytes)
Event: 0.739 Thread 0x0000018bc0e65410 nmethod 1248 0x0000018bac99ea90 code [0x0000018bac99ecc0, 0x0000018bac99f548]
Event: 0.739 Thread 0x0000018bc0e65410 1247   !   3       sun.font.TrueTypeFont::getAllFamilyNames (30 bytes)
Event: 0.739 Thread 0x0000018bc0e65410 nmethod 1247 0x0000018bac99f810 code [0x0000018bac99fa40, 0x0000018bac9a0328]
Event: 0.742 Thread 0x0000018c0731c0e0 nmethod 1246 0x0000018bb42b2590 code [0x0000018bb42b2760, 0x0000018bb42b2d28]
Event: 0.742 Thread 0x0000018c0731c0e0 1249       4       java.nio.ByteBuffer::limit (6 bytes)
Event: 0.743 Thread 0x0000018c0731c0e0 nmethod 1249 0x0000018bb42b3210 code [0x0000018bb42b33a0, 0x0000018bb42b34e8]
Event: 0.744 Thread 0x0000018c0731c0e0 1250       4       java.lang.String::hashCode (60 bytes)
Event: 0.745 Thread 0x0000018c0731c0e0 nmethod 1250 0x0000018bb42b3610 code [0x0000018bb42b37e0, 0x0000018bb42b3b10]
Event: 0.747 Thread 0x0000018c0731c0e0 1251       4       java.lang.StringUTF16::compress (20 bytes)
Event: 0.748 Thread 0x0000018c0731c0e0 nmethod 1251 0x0000018bb42b3c10 code [0x0000018bb42b3da0, 0x0000018bb42b3ff0]
Event: 0.751 Thread 0x0000018bc0e65410 1252       1       javax.swing.text.GapVector::getGapStart (5 bytes)
Event: 0.751 Thread 0x0000018bc0e65410 nmethod 1252 0x0000018bb42b4110 code [0x0000018bb42b42a0, 0x0000018bb42b4368]
Event: 0.751 Thread 0x0000018bc0e65410 1253       1       javax.swing.text.GapVector::getGapEnd (5 bytes)
Event: 0.751 Thread 0x0000018bc0e65410 nmethod 1253 0x0000018bb42b4410 code [0x0000018bb42b45a0, 0x0000018bb42b4668]
Event: 0.756 Thread 0x0000018bc0e65410 1254       1       java.nio.DirectByteBuffer::isReadOnly (2 bytes)
Event: 0.756 Thread 0x0000018bc0e65410 nmethod 1254 0x0000018bb42b4710 code [0x0000018bb42b48a0, 0x0000018bb42b4968]

GC Heap History (0 events):
No events

Dll operation events (9 events):
Event: 0.015 Loaded shared library C:\Program Files\Java\jdk-21\bin\java.dll
Event: 0.071 Loaded shared library C:\Program Files\Java\jdk-21\bin\jsvml.dll
Event: 0.108 Loaded shared library C:\Program Files\Java\jdk-21\bin\net.dll
Event: 0.110 Loaded shared library C:\Program Files\Java\jdk-21\bin\nio.dll
Event: 0.125 Loaded shared library C:\Program Files\Java\jdk-21\bin\zip.dll
Event: 0.137 Loaded shared library C:\Program Files\Java\jdk-21\bin\jimage.dll
Event: 0.151 Loaded shared library C:\Program Files\Java\jdk-21\bin\awt.dll
Event: 0.478 Loaded shared library C:\Program Files\Java\jdk-21\bin\freetype.dll
Event: 0.479 Loaded shared library C:\Program Files\Java\jdk-21\bin\fontmanager.dll

Deoptimization events (20 events):
Event: 0.600 Thread 0x0000018c07379680 Uncommon trap: trap_request=0xffffff45 fr.pc=0x0000018bb429c714 relative=0x0000000000000074
Event: 0.600 Thread 0x0000018c07379680 Uncommon trap: reason=unstable_if action=reinterpret pc=0x0000018bb429c714 method=java.lang.CharacterDataLatin1.toLowerCase(I)I @ 16 c2
Event: 0.600 Thread 0x0000018c07379680 DEOPT PACKING pc=0x0000018bb429c714 sp=0x0000003265dfcd70
Event: 0.600 Thread 0x0000018c07379680 DEOPT UNPACKING pc=0x0000018bb3d046a2 sp=0x0000003265dfccf0 mode 2
Event: 0.611 Thread 0x0000018c07379680 Uncommon trap: trap_request=0xffffff45 fr.pc=0x0000018bb429d9b8 relative=0x0000000000000458
Event: 0.611 Thread 0x0000018c07379680 Uncommon trap: reason=unstable_if action=reinterpret pc=0x0000018bb429d9b8 method=java.lang.StringLatin1.toLowerCase(Ljava/lang/String;[BLjava/util/Locale;)Ljava/lang/String; @ 43 c2
Event: 0.611 Thread 0x0000018c07379680 DEOPT PACKING pc=0x0000018bb429d9b8 sp=0x0000003265dfd6c0
Event: 0.611 Thread 0x0000018c07379680 DEOPT UNPACKING pc=0x0000018bb3d046a2 sp=0x0000003265dfd630 mode 2
Event: 0.712 Thread 0x0000018c07379680 Uncommon trap: trap_request=0xffffff45 fr.pc=0x0000018bb425af48 relative=0x00000000000000a8
Event: 0.712 Thread 0x0000018c07379680 Uncommon trap: reason=unstable_if action=reinterpret pc=0x0000018bb425af48 method=java.lang.String.isLatin1()Z @ 10 c2
Event: 0.712 Thread 0x0000018c07379680 DEOPT PACKING pc=0x0000018bb425af48 sp=0x0000003265dfd4d0
Event: 0.712 Thread 0x0000018c07379680 DEOPT UNPACKING pc=0x0000018bb3d046a2 sp=0x0000003265dfd400 mode 2
Event: 0.712 Thread 0x0000018c07379680 Uncommon trap: trap_request=0xffffff45 fr.pc=0x0000018bb427f530 relative=0x0000000000000190
Event: 0.712 Thread 0x0000018c07379680 Uncommon trap: reason=unstable_if action=reinterpret pc=0x0000018bb427f530 method=jdk.internal.util.ArraysSupport.vectorizedHashCode(Ljava/lang/Object;IIII)I @ 2 c2
Event: 0.712 Thread 0x0000018c07379680 DEOPT PACKING pc=0x0000018bb427f530 sp=0x0000003265dfd3d0
Event: 0.712 Thread 0x0000018c07379680 DEOPT UNPACKING pc=0x0000018bb3d046a2 sp=0x0000003265dfd380 mode 2
Event: 0.729 Thread 0x0000018c07379680 Uncommon trap: trap_request=0xffffff45 fr.pc=0x0000018bb42af480 relative=0x0000000000000420
Event: 0.729 Thread 0x0000018c07379680 Uncommon trap: reason=unstable_if action=reinterpret pc=0x0000018bb42af480 method=java.lang.Character.isSurrogate(C)Z @ 3 c2
Event: 0.729 Thread 0x0000018c07379680 DEOPT PACKING pc=0x0000018bb42af480 sp=0x0000003265dfd080
Event: 0.729 Thread 0x0000018c07379680 DEOPT UNPACKING pc=0x0000018bb3d046a2 sp=0x0000003265dfcf98 mode 2

Classes loaded (20 events):
Event: 0.761 Loading class java/awt/KeyboardFocusManager$3
Event: 0.761 Loading class java/awt/KeyboardFocusManager$3 done
Event: 0.762 Loading class java/awt/im/InputContext
Event: 0.762 Loading class java/awt/im/InputContext done
Event: 0.762 Loading class sun/awt/im/InputMethodContext
Event: 0.762 Loading class java/awt/im/spi/InputMethodContext
Event: 0.762 Loading class java/awt/im/InputMethodRequests
Event: 0.762 Loading class java/awt/im/InputMethodRequests done
Event: 0.762 Loading class java/awt/im/spi/InputMethodContext done
Event: 0.762 Loading class sun/awt/im/InputContext
Event: 0.762 Loading class sun/awt/im/InputContext done
Event: 0.762 Loading class sun/awt/im/InputMethodContext done
Event: 0.763 Loading class sun/awt/windows/WInputMethod
Event: 0.763 Loading class sun/awt/im/InputMethodAdapter
Event: 0.763 Loading class java/awt/im/spi/InputMethod
Event: 0.763 Loading class java/awt/im/spi/InputMethod done
Event: 0.763 Loading class sun/awt/im/InputMethodAdapter done
Event: 0.763 Loading class sun/awt/windows/WInputMethod done
Event: 0.765 Loading class javax/swing/text/JTextComponent$InputMethodRequestsHandler
Event: 0.765 Loading class javax/swing/text/JTextComponent$InputMethodRequestsHandler done

Classes unloaded (0 events):
No events

Classes redefined (0 events):
No events

Internal exceptions (15 events):
Event: 0.110 Thread 0x0000018ba1fc74d0 Exception <a 'sun/nio/fs/WindowsException'{0x0000000091044770}> (0x0000000091044770) 
thrown [s\open\src\hotspot\share\prims\jni.cpp, line 520]
Event: 0.112 Thread 0x0000018ba1fc74d0 Exception <a 'sun/nio/fs/WindowsException'{0x0000000091046a88}> (0x0000000091046a88) 
thrown [s\open\src\hotspot\share\prims\jni.cpp, line 520]
Event: 0.112 Thread 0x0000018ba1fc74d0 Exception <a 'sun/nio/fs/WindowsException'{0x00000000910474a8}> (0x00000000910474a8) 
thrown [s\open\src\hotspot\share\prims\jni.cpp, line 520]
Event: 0.141 Thread 0x0000018ba1fc74d0 Exception <a 'java/lang/ClassNotFoundException'{0x0000000090f65fd8}: sun/awt/resources/spi/awtProvider> (0x0000000090f65fd8) 
thrown [s\open\src\hotspot\share\classfile\systemDictionary.cpp, line 312]
Event: 0.160 Thread 0x0000018ba1fc74d0 Exception <a 'java/io/FileNotFoundException'{0x0000000090fbb278}> (0x0000000090fbb278) 
thrown [s\open\src\hotspot\share\prims\jni.cpp, line 520]
Event: 0.166 Thread 0x0000018ba1fc74d0 Exception <a 'java/io/FileNotFoundException'{0x0000000090fe5238}> (0x0000000090fe5238) 
thrown [s\open\src\hotspot\share\prims\jni.cpp, line 520]
Event: 0.286 Thread 0x0000018ba1fc74d0 Exception <a 'java/lang/NoSuchMethodError'{0x0000000090d05268}: 'void java.lang.invoke.DirectMethodHandle$Holder.invokeSpecial(java.lang.Object, java.lang.Object, java.lang.Object)'> (0x0000000090d05268) 
thrown [s\open\src\hotspot\share\interpreter\linkResolver.cpp, line 773]
Event: 0.291 Thread 0x0000018ba1fc74d0 Exception <a 'java/lang/NoSuchMethodError'{0x0000000090d2abf8}: 'java.lang.Object java.lang.invoke.DirectMethodHandle$Holder.newInvokeSpecial(java.lang.Object, java.lang.Object, java.lang.Object, java.lang.Object, java.lang.Object)'> (0x0000000090d2abf8) 
thrown [s\open\src\hotspot\share\interpreter\linkResolver.cpp, line 773]
Event: 0.295 Thread 0x0000018ba1fc74d0 Exception <a 'java/lang/NoSuchMethodError'{0x0000000090d56780}: 'java.lang.Object java.lang.invoke.DirectMethodHandle$Holder.invokeStatic(java.lang.Object, int, java.lang.Object)'> (0x0000000090d56780) 
thrown [s\open\src\hotspot\share\interpreter\linkResolver.cpp, line 773]
Event: 0.309 Thread 0x0000018ba1fc74d0 Exception <a 'java/lang/ClassNotFoundException'{0x0000000090df6060}: com/sun/swing/internal/plaf/metal/resources/spi/metalProvider> (0x0000000090df6060) 
thrown [s\open\src\hotspot\share\classfile\systemDictionary.cpp, line 312]
Event: 0.310 Thread 0x0000018ba1fc74d0 Exception <a 'java/lang/ClassNotFoundException'{0x0000000090df9f70}: com/sun/swing/internal/plaf/basic/resources/spi/basicProvider> (0x0000000090df9f70) 
thrown [s\open\src\hotspot\share\classfile\systemDictionary.cpp, line 312]
Event: 0.318 Thread 0x0000018ba1fc74d0 Exception <a 'java/lang/NoSuchMethodError'{0x0000000090c19598}: 'int java.lang.invoke.Invokers$Holder.invokeExact_MT(java.lang.Object, java.lang.Object)'> (0x0000000090c19598) 
thrown [s\open\src\hotspot\share\interpreter\linkResolver.cpp, line 773]
Event: 0.372 Thread 0x0000018c07329db0 Exception <a 'java/lang/NoSuchMethodError'{0x0000000090a30090}: 'java.lang.Object java.lang.invoke.DirectMethodHandle$Holder.newInvokeSpecial(java.lang.Object, java.lang.Object, java.lang.Object, int, int, int, int, int)'> (0x0000000090a30090) 
thrown [s\open\src\hotspot\share\interpreter\linkResolver.cpp, line 773]
Event: 0.475 Thread 0x0000018ba1fc74d0 Exception <a 'java/lang/NoSuchMethodError'{0x0000000090c6c000}: 'void java.lang.invoke.DirectMethodHandle$Holder.invokeStaticInit(java.lang.Object)'> (0x0000000090c6c000) 
thrown [s\open\src\hotspot\share\interpreter\linkResolver.cpp, line 773]
Event: 0.549 Thread 0x0000018c06309670 Exception <a 'java/lang/NoSuchMethodError'{0x0000000090efb3a0}: 'void java.lang.invoke.DirectMethodHandle$Holder.invokeVirtual(java.lang.Object, java.lang.Object)'> (0x0000000090efb3a0) 
thrown [s\open\src\hotspot\share\interpreter\linkResolver.cpp, line 773]

ZGC Phase Switch (0 events):
No events

VM Operations (10 events):
Event: 0.113 Executing VM operation: HandshakeAllThreads (Deoptimize)
Event: 0.113 Executing VM operation: HandshakeAllThreads (Deoptimize) done
Event: 0.359 Executing VM operation: HandshakeAllThreads (Deoptimize)
Event: 0.359 Executing VM operation: HandshakeAllThreads (Deoptimize) done
Event: 0.392 Executing VM operation: HandshakeAllThreads (Deoptimize)
Event: 0.392 Executing VM operation: HandshakeAllThreads (Deoptimize) done
Event: 0.432 Executing VM operation: HandshakeAllThreads (Deoptimize)
Event: 0.432 Executing VM operation: HandshakeAllThreads (Deoptimize) done
Event: 0.715 Executing VM operation: ICBufferFull
Event: 0.715 Executing VM operation: ICBufferFull done

Events (19 events):
Event: 0.045 Thread 0x0000018ba1fc74d0 Thread added: 0x0000018ba1fc74d0
Event: 0.067 Thread 0x0000018bc0e2d180 Thread added: 0x0000018bc0e2d180
Event: 0.067 Thread 0x0000018bc0e2feb0 Thread added: 0x0000018bc0e2feb0
Event: 0.068 Thread 0x0000018bc0e31e10 Thread added: 0x0000018bc0e31e10
Event: 0.068 Thread 0x0000018bc0e34420 Thread added: 0x0000018bc0e34420
Event: 0.068 Thread 0x0000018bc0e359f0 Thread added: 0x0000018bc0e359f0
Event: 0.068 Thread 0x0000018bc0e36580 Thread added: 0x0000018bc0e36580
Event: 0.068 Thread 0x0000018bc0e41330 Thread added: 0x0000018bc0e41330
Event: 0.068 Thread 0x0000018bc0e65410 Thread added: 0x0000018bc0e65410
Event: 0.098 Thread 0x0000018c06094bc0 Thread added: 0x0000018c06094bc0
Event: 0.121 Thread 0x0000018c061811c0 Thread added: 0x0000018c061811c0
Event: 0.213 Thread 0x0000018c062ff8e0 Thread added: 0x0000018c062ff8e0
Event: 0.215 Thread 0x0000018c06303c40 Thread added: 0x0000018c06303c40
Event: 0.216 Thread 0x0000018c06309670 Thread added: 0x0000018c06309670
Event: 0.323 Thread 0x0000018c07329db0 Thread added: 0x0000018c07329db0
Event: 0.347 Thread 0x0000018c0731c0e0 Thread added: 0x0000018c0731c0e0
Event: 0.457 Thread 0x0000018c07379680 Thread added: 0x0000018c07379680
Event: 0.562 Thread 0x0000018ba1fc74d0 Thread exited: 0x0000018ba1fc74d0
Event: 0.562 Thread 0x0000018ba1fc74d0 Thread added: 0x0000018ba1fc74d0


Dynamic libraries:
0x00007ff7d9870000 - 0x00007ff7d9880000 	C:\Program Files\Java\jdk-21\bin\java.exe
0x00007ffb96f10000 - 0x00007ffb97127000 	C:\WINDOWS\SYSTEM32\ntdll.dll
0x00007ffb960a0000 - 0x00007ffb96164000 	C:\WINDOWS\System32\KERNEL32.DLL
0x00007ffb944f0000 - 0x00007ffb948c3000 	C:\WINDOWS\System32\KERNELBASE.dll
0x00007ffb94330000 - 0x00007ffb94441000 	C:\WINDOWS\System32\ucrtbase.dll
0x00007ffb885f0000 - 0x00007ffb8860b000 	C:\Program Files\Java\jdk-21\bin\VCRUNTIME140.dll
0x00007ffb65040000 - 0x00007ffb65059000 	C:\Program Files\Java\jdk-21\bin\jli.dll
0x00007ffb961f0000 - 0x00007ffb962a1000 	C:\WINDOWS\System32\ADVAPI32.dll
0x00007ffb96e20000 - 0x00007ffb96ec7000 	C:\WINDOWS\System32\msvcrt.dll
0x00007ffb96830000 - 0x00007ffb968d8000 	C:\WINDOWS\System32\sechost.dll
0x00007ffb94020000 - 0x00007ffb94048000 	C:\WINDOWS\System32\bcrypt.dll
0x00007ffb95180000 - 0x00007ffb95294000 	C:\WINDOWS\System32\RPCRT4.dll
0x00007ffb96670000 - 0x00007ffb96821000 	C:\WINDOWS\System32\USER32.dll
0x00007ffb94190000 - 0x00007ffb941b6000 	C:\WINDOWS\System32\win32u.dll
0x00007ffb83d60000 - 0x00007ffb83ff8000 	C:\WINDOWS\WinSxS\amd64_microsoft.windows.common-controls_6595b64144ccf1df_6.0.22621.5124_none_270e8f4f7386d69d\COMCTL32.dll
0x00007ffb94bb0000 - 0x00007ffb94bd9000 	C:\WINDOWS\System32\GDI32.dll
0x00007ffb948d0000 - 0x00007ffb949eb000 	C:\WINDOWS\System32\gdi32full.dll
0x00007ffb94450000 - 0x00007ffb944ea000 	C:\WINDOWS\System32\msvcp_win.dll
0x00007ffb8cc50000 - 0x00007ffb8cc5a000 	C:\WINDOWS\SYSTEM32\VERSION.dll
0x00007ffb96930000 - 0x00007ffb96961000 	C:\WINDOWS\System32\IMM32.DLL
0x00007ffb912c0000 - 0x00007ffb912cc000 	C:\Program Files\Java\jdk-21\bin\vcruntime140_1.dll
0x00007ffb666f0000 - 0x00007ffb6677e000 	C:\Program Files\Java\jdk-21\bin\msvcp140.dll
0x00007ffadba10000 - 0x00007ffadc727000 	C:\Program Files\Java\jdk-21\bin\server\jvm.dll
0x00007ffb94f40000 - 0x00007ffb94fb1000 	C:\WINDOWS\System32\WS2_32.dll
0x00007ffb93d40000 - 0x00007ffb93d8d000 	C:\WINDOWS\SYSTEM32\POWRPROF.dll
0x00007ffb8aef0000 - 0x00007ffb8af24000 	C:\WINDOWS\SYSTEM32\WINMM.dll
0x00007ffb93d20000 - 0x00007ffb93d33000 	C:\WINDOWS\SYSTEM32\UMPDC.dll
0x00007ffb93010000 - 0x00007ffb93028000 	C:\WINDOWS\SYSTEM32\kernel.appcore.dll
0x00007ffb90e00000 - 0x00007ffb90e0a000 	C:\Program Files\Java\jdk-21\bin\jimage.dll
0x00007ffb8d740000 - 0x00007ffb8d972000 	C:\WINDOWS\SYSTEM32\DBGHELP.DLL
0x00007ffb962b0000 - 0x00007ffb96642000 	C:\WINDOWS\System32\combase.dll
0x00007ffb952d0000 - 0x00007ffb953a7000 	C:\WINDOWS\System32\OLEAUT32.dll
0x00007ffb6ee10000 - 0x00007ffb6ee42000 	C:\WINDOWS\SYSTEM32\dbgcore.DLL
0x00007ffb94a70000 - 0x00007ffb94aeb000 	C:\WINDOWS\System32\bcryptPrimitives.dll
0x00007ffb88010000 - 0x00007ffb8802f000 	C:\Program Files\Java\jdk-21\bin\java.dll
0x00007ffb95800000 - 0x00007ffb96096000 	C:\WINDOWS\System32\SHELL32.dll
0x00007ffb94050000 - 0x00007ffb9418f000 	C:\WINDOWS\System32\wintypes.dll
0x00007ffb91ef0000 - 0x00007ffb9280a000 	C:\WINDOWS\SYSTEM32\windows.storage.dll
0x00007ffb95070000 - 0x00007ffb9517a000 	C:\WINDOWS\System32\SHCORE.dll
0x00007ffb953b0000 - 0x00007ffb95413000 	C:\WINDOWS\System32\shlwapi.dll
0x00007ffb93f50000 - 0x00007ffb93f7b000 	C:\WINDOWS\SYSTEM32\profapi.dll
0x00007ffb86180000 - 0x00007ffb86257000 	C:\Program Files\Java\jdk-21\bin\jsvml.dll
0x00007ffb88000000 - 0x00007ffb88010000 	C:\Program Files\Java\jdk-21\bin\net.dll
0x00007ffb8efd0000 - 0x00007ffb8f0fc000 	C:\WINDOWS\SYSTEM32\WINHTTP.dll
0x00007ffb93480000 - 0x00007ffb934ea000 	C:\WINDOWS\system32\mswsock.dll
0x00007ffb860d0000 - 0x00007ffb860e6000 	C:\Program Files\Java\jdk-21\bin\nio.dll
0x00007ffb860b0000 - 0x00007ffb860c8000 	C:\Program Files\Java\jdk-21\bin\zip.dll
0x00007ffb4ecf0000 - 0x00007ffb4ee7f000 	C:\Program Files\Java\jdk-21\bin\awt.dll
0x00007ffb90e40000 - 0x00007ffb90ed7000 	C:\WINDOWS\SYSTEM32\apphelp.dll
0x00007ffb91a60000 - 0x00007ffb91a8e000 	C:\WINDOWS\system32\DWMAPI.DLL
0x00007ffb91610000 - 0x00007ffb916c3000 	C:\WINDOWS\system32\uxtheme.dll
0x00007ffb46f40000 - 0x00007ffb47040000 	C:\WINDOWS\system32\opengl32.dll
0x00007ffb662d0000 - 0x00007ffb662fd000 	C:\WINDOWS\SYSTEM32\GLU32.dll
0x00007ffb91720000 - 0x00007ffb91757000 	C:\WINDOWS\SYSTEM32\dxcore.dll
0x00007ffb94cd0000 - 0x00007ffb94e30000 	C:\WINDOWS\System32\MSCTF.dll
0x00007ffb95420000 - 0x00007ffb955c1000 	C:\WINDOWS\System32\ole32.dll
0x00007ffb47c90000 - 0x00007ffb47e38000 	C:\WINDOWS\system32\d3d9.dll
0x00007ffb8af30000 - 0x00007ffb8b0eb000 	C:\Windows\System32\DriverStore\FileRepository\u0390451.inf_amd64_39377efdd62734d1\B390182\aticfx64.dll
0x00007ffb87c90000 - 0x00007ffb87cc4000 	C:\Windows\System32\DriverStore\FileRepository\u0390451.inf_amd64_39377efdd62734d1\B390182\atiu9p64.dll
0x00007ffb37100000 - 0x00007ffb37e55000 	C:\Windows\System32\DriverStore\FileRepository\u0390451.inf_amd64_39377efdd62734d1\B390182\atiumd64.dll
0x00000000758b0000 - 0x00000000767d7000 	C:\WINDOWS\System32\DriverStore\FileRepository\u0390451.inf_amd64_39377efdd62734d1\B390182\atiumd6a.dll
0x00007ffb96990000 - 0x00007ffb96e04000 	C:\WINDOWS\System32\SETUPAPI.dll
0x00007ffb885b0000 - 0x00007ffb885e5000 	C:\WINDOWS\SYSTEM32\amdihk64.dll
0x00007ffb8d120000 - 0x00007ffb8d169000 	C:\WINDOWS\SYSTEM32\directxdatabasehelper.dll
0x00007ffb50b80000 - 0x00007ffb50c07000 	C:\Program Files\Java\jdk-21\bin\freetype.dll
0x00007ffaeeff0000 - 0x00007ffaef0d2000 	C:\Program Files\Java\jdk-21\bin\fontmanager.dll
0x00007ffb94fc0000 - 0x00007ffb95070000 	C:\WINDOWS\System32\clbcatq.dll
0x00007ffb91390000 - 0x00007ffb91540000 	C:\WINDOWS\SYSTEM32\WindowsCodecs.dll
0x00007ffb64380000 - 0x00007ffb643de000 	C:\WINDOWS\system32\dataexchange.dll
0x00007ffb8b0f0000 - 0x00007ffb8b396000 	C:\WINDOWS\system32\twinapi.appcore.dll
0x00007ffb69b20000 - 0x00007ffb69c64000 	C:\WINDOWS\SYSTEM32\textinputframework.dll
0x00007ffb90a60000 - 0x00007ffb90b95000 	C:\WINDOWS\SYSTEM32\CoreMessaging.dll
0x00007ffb8c890000 - 0x00007ffb8cbfc000 	C:\WINDOWS\SYSTEM32\CoreUIComponents.dll
0x00007ffb937b0000 - 0x00007ffb937bc000 	C:\WINDOWS\SYSTEM32\CRYPTBASE.DLL

dbghelp: loaded successfully - version: 4.0.5 - missing functions: none
symbol engine: initialized successfully - sym options: 0x614 - pdb path: .;C:\Program Files\Java\jdk-21\bin;C:\WINDOWS\SYSTEM32;C:\WINDOWS\WinSxS\amd64_microsoft.windows.common-controls_6595b64144ccf1df_6.0.22621.5124_none_270e8f4f7386d69d;C:\Program Files\Java\jdk-21\bin\server;C:\Windows\System32\DriverStore\FileRepository\u0390451.inf_amd64_39377efdd62734d1\B390182

VM Arguments:
jvm_args: -Dfile.encoding=UTF-8 --module-path=C:\Users\USER\OneDrive\Desktop\Banking System\build\classes 
java_command: banking.system.Login
java_class_path (initial): C:\Users\USER\OneDrive\Desktop\jcalendar-tz-1.3.3-4.jar;C:\Users\USER\OneDrive\Desktop\sqljdbc_12.10\enu\jars;C:\Users\USER\OneDrive\Desktop\Banking System\build\classes
Launcher Type: SUN_STANDARD

[Global flags]
     intx CICompilerCount                          = 4                                         {product} {ergonomic}
     uint ConcGCThreads                            = 3                                         {product} {ergonomic}
     uint G1ConcRefinementThreads                  = 10                                        {product} {ergonomic}
   size_t G1HeapRegionSize                         = 1048576                                   {product} {ergonomic}
    uintx GCDrainStackTargetSize                   = 64                                        {product} {ergonomic}
   size_t InitialHeapSize                          = 125829120                                 {product} {ergonomic}
   size_t MarkStackSize                            = 4194304                                   {product} {ergonomic}
   size_t MaxHeapSize                              = 1986002944                                {product} {ergonomic}
   size_t MaxNewSize                               = 1191182336                                {product} {ergonomic}
   size_t MinHeapDeltaBytes                        = 1048576                                   {product} {ergonomic}
   size_t MinHeapSize                              = 8388608                                   {product} {ergonomic}
    uintx NonNMethodCodeHeapSize                   = 5839372                                {pd product} {ergonomic}
    uintx NonProfiledCodeHeapSize                  = 122909434                              {pd product} {ergonomic}
    uintx ProfiledCodeHeapSize                     = 122909434                              {pd product} {ergonomic}
    uintx ReservedCodeCacheSize                    = 251658240                              {pd product} {ergonomic}
     bool SegmentedCodeCache                       = true                                      {product} {ergonomic}
   size_t SoftMaxHeapSize                          = 1986002944                             {manageable} {ergonomic}
     bool UseCompressedOops                        = true                           {product lp64_product} {ergonomic}
     bool UseG1GC                                  = true                                      {product} {ergonomic}
     bool UseLargePagesIndividualAllocation        = false                                  {pd product} {ergonomic}

Logging:
Log output configuration:
 #0: stdout all=warning uptime,level,tags foldmultilines=false
 #1: stderr all=off uptime,level,tags foldmultilines=false

Environment Variables:
PATH=C:\Program Files\Common Files\Oracle\Java\javapath;C:\WINDOWS\system32;C:\WINDOWS;C:\WINDOWS\System32\Wbem;C:\WINDOWS\System32\WindowsPowerShell\v1.0\;C:\WINDOWS\System32\OpenSSH\;C:\MinGW\bin;C:\Program Files\Cloudflare\Cloudflare WARP\;C:\Program Files (x86)\Microsoft SQL Server\160\Tools\Binn\;C:\Program Files\Microsoft SQL Server\160\Tools\Binn\;C:\Program Files\Microsoft SQL Server\Client SDK\ODBC\170\Tools\Binn\;C:\Program Files\Microsoft SQL Server\160\DTS\Binn\;C:\Program Files (x86)\Microsoft SQL Server\160\DTS\Binn\;C:\Users\USER\AppData\Local\Programs\Python\Python312\Scripts\;C:\Users\USER\AppData\Local\Programs\Python\Python312\;C:\Users\USER\AppData\Local\Microsoft\WindowsApps;C:\Users\USER\AppData\Local\Programs\Microsoft VS Code\bin
USERNAME=USER
OS=Windows_NT
PROCESSOR_IDENTIFIER=AMD64 Family 23 Model 96 Stepping 1, AuthenticAMD
TMP=C:\Users\USER\AppData\Local\Temp
TEMP=C:\Users\USER\AppData\Local\Temp




Periodic native trim disabled

---------------  S Y S T E M  ---------------

OS:
 Windows 11 , 64 bit Build 22621 (10.0.22621.5124)
OS uptime: 7 days 23:02 hours
Hyper-V role detected

CPU: total 12 (initial active 12) (12 cores per cpu, 2 threads per core) family 23 model 96 stepping 1 microcode 0x0, cx8, cmov, fxsr, ht, mmx, 3dnowpref, sse, sse2, sse3, ssse3, sse4a, sse4.1, sse4.2, popcnt, lzcnt, tsc, tscinvbit, avx, avx2, aes, clmul, bmi1, bmi2, adx, sha, fma, vzeroupper, clflush, clflushopt, hv, rdtscp, rdpid, f16c
Processor Information for all 12 processors :
  Max Mhz: 3701, Current Mhz: 3701, Mhz Limit: 3701

Memory: 4k page, system-wide physical 7573M (845M free)
TotalPageFile size 19861M (AvailPageFile size 2M)
current process WorkingSet (physical memory assigned to process): 91M, peak: 91M
current process commit charge ("private bytes"): 237M, peak: 238M

vm_info: Java HotSpot(TM) 64-Bit Server VM (21.0.2+13-LTS-58) for windows-amd64 JRE (21.0.2+13-LTS-58), built on 2024-01-05T18:32:24Z by "mach5one" with MS VC++ 17.1 (VS2022)

END.
