#
# There is insufficient memory for the Java Runtime Environment to continue.
# Native memory allocation (malloc) failed to allocate 133296 bytes for Chunk::new
# Possible reasons:
#   The system is out of physical RAM or swap space
#   The process is running with CompressedOops enabled, and the Java Heap may be blocking the growth of the native heap
# Possible solutions:
#   Reduce memory load on the system
#   Increase physical memory or swap space
#   Check if swap backing store is full
#   Decrease Java heap size (-Xmx/-Xms)
#   Decrease number of Java threads
#   Decrease Java thread stack sizes (-Xss)
#   Set larger code cache with -XX:ReservedCodeCacheSize=
#   JVM is running with Unscaled Compressed Oops mode in which the Java heap is
#     placed in the first 4GB address space. The Java Heap base address is the
#     maximum limit for the native heap growth. Please use -XX:HeapBaseMinAddress
#     to set the Java Heap base and to place the Java Heap above 4GB virtual address.
# This output file may be truncated or incomplete.
#
#  Out of Memory Error (arena.cpp:168), pid=17904, tid=1860
#
# JRE version: Java(TM) SE Runtime Environment (21.0.2+13) (build 21.0.2+13-LTS-58)
# Java VM: Java HotSpot(TM) 64-Bit Server VM (21.0.2+13-LTS-58, mixed mode, sharing, tiered, compressed oops, compressed class ptrs, g1 gc, windows-amd64)
# No core dump will be written. Minidumps are not enabled by default on client versions of Windows
#

---------------  S U M M A R Y ------------

Command Line: -Dfile.encoding=UTF-8 --module-path=C:\Users\USER\OneDrive\Desktop\Banking System\build\classes banking.system.Signup1

Host: AMD Ryzen 5 PRO 4650G with Radeon Graphics, 12 cores, 7G,  Windows 11 , 64 bit Build 22621 (10.0.22621.5124)
Time: Mon May 12 23:14:53 2025 Bangladesh Standard Time elapsed time: 0.072208 seconds (0d 0h 0m 0s)

---------------  T H R E A D  ---------------

Current thread (0x00000228fe122250):  JavaThread "C2 CompilerThread0" daemon [_thread_in_native, id=1860, stack(0x0000008860000000,0x0000008860100000) (1024K)]


Current CompileTask:
C2:     72  163       4       java.util.HashMap::putVal (300 bytes)

Stack: [0x0000008860000000,0x0000008860100000]
Native frames: (J=compiled Java code, j=interpreted, Vv=VM code, C=native code)
V  [jvm.dll+0x6cade9]
V  [jvm.dll+0x8569c1]
V  [jvm.dll+0x858d2e]
V  [jvm.dll+0x859413]
V  [jvm.dll+0x280e56]
V  [jvm.dll+0xc3f3d]
V  [jvm.dll+0xc4473]
V  [jvm.dll+0x2f437f]
V  [jvm.dll+0x5f5056]
V  [jvm.dll+0x252d7f]
V  [jvm.dll+0x24b589]
V  [jvm.dll+0x2490a3]
V  [jvm.dll+0x1c9634]
V  [jvm.dll+0x258859]
V  [jvm.dll+0x256e3a]
V  [jvm.dll+0x3ef6c6]
V  [jvm.dll+0x7ff568]
V  [jvm.dll+0x6c953d]
C  [ucrtbase.dll+0x29333]
C  [KERNEL32.DLL+0x1259d]
C  [ntdll.dll+0x5af38]


---------------  P R O C E S S  ---------------

Threads class SMR info:
_java_thread_list=0x000002289769b9e0, length=12, elements={
0x00000228f8989270, 0x00000228fe11bcb0, 0x00000228fe11c9d0, 0x00000228fe11d590,
0x00000228fe11dff0, 0x00000228fe11ea50, 0x00000228fe1214c0, 0x00000228fe122250,
0x00000228fe122cf0, 0x0000022897567740, 0x000002289766c790, 0x000002289769ce20
}

Java Threads: ( => current thread )
  0x00000228f8989270 JavaThread "main"                              [_thread_in_vm, id=16508, stack(0x000000885f200000,0x000000885f300000) (1024K)]
  0x00000228fe11bcb0 JavaThread "Reference Handler"          daemon [_thread_blocked, id=1048, stack(0x000000885fa00000,0x000000885fb00000) (1024K)]
  0x00000228fe11c9d0 JavaThread "Finalizer"                  daemon [_thread_blocked, id=12540, stack(0x000000885fb00000,0x000000885fc00000) (1024K)]
  0x00000228fe11d590 JavaThread "Signal Dispatcher"          daemon [_thread_blocked, id=19332, stack(0x000000885fc00000,0x000000885fd00000) (1024K)]
  0x00000228fe11dff0 JavaThread "Attach Listener"            daemon [_thread_blocked, id=23532, stack(0x000000885fd00000,0x000000885fe00000) (1024K)]
  0x00000228fe11ea50 JavaThread "Service Thread"             daemon [_thread_blocked, id=12432, stack(0x000000885fe00000,0x000000885ff00000) (1024K)]
  0x00000228fe1214c0 JavaThread "Monitor Deflation Thread"   daemon [_thread_blocked, id=11064, stack(0x000000885ff00000,0x0000008860000000) (1024K)]
=>0x00000228fe122250 JavaThread "C2 CompilerThread0"         daemon [_thread_in_native, id=1860, stack(0x0000008860000000,0x0000008860100000) (1024K)]
  0x00000228fe122cf0 JavaThread "C1 CompilerThread0"         daemon [_thread_in_native, id=20564, stack(0x0000008860100000,0x0000008860200000) (1024K)]
  0x0000022897567740 JavaThread "Common-Cleaner"             daemon [_thread_blocked, id=21136, stack(0x0000008860200000,0x0000008860300000) (1024K)]
  0x000002289766c790 JavaThread "C2 CompilerThread1"         daemon [_thread_blocked, id=14408, stack(0x0000008860300000,0x0000008860400000) (1024K)]
  0x000002289769ce20 JavaThread "Notification Thread"        daemon [_thread_blocked, id=6616, stack(0x0000008860400000,0x0000008860500000) (1024K)]
Total: 12

Other Threads:
  0x00000228fe0fb090 VMThread "VM Thread"                           [id=8216, stack(0x000000885f900000,0x000000885fa00000) (1024K)]
  0x00000228fe0e4d70 WatcherThread "VM Periodic Task Thread"        [id=18876, stack(0x000000885f800000,0x000000885f900000) (1024K)]
  0x00000228f89d8030 WorkerThread "GC Thread#0"                     [id=24844, stack(0x000000885f300000,0x000000885f400000) (1024K)]
  0x00000228f8a04350 ConcurrentGCThread "G1 Main Marker"            [id=9012, stack(0x000000885f400000,0x000000885f500000) (1024K)]
  0x00000228f8a04e50 WorkerThread "G1 Conc#0"                       [id=10084, stack(0x000000885f500000,0x000000885f600000) (1024K)]
  0x00000228f8a4e0d0 ConcurrentGCThread "G1 Refine#0"               [id=26616, stack(0x000000885f600000,0x000000885f700000) (1024K)]
  0x00000228fdfb99a0 ConcurrentGCThread "G1 Service"                [id=1160, stack(0x000000885f700000,0x000000885f800000) (1024K)]
Total: 7

Threads with active compile tasks:
C2 CompilerThread0       98  163       4       java.util.HashMap::putVal (300 bytes)
C1 CompilerThread0       98  183       3       java.util.HashSet::<init> (16 bytes)
Total: 2

VM state: not at safepoint (normal execution)

VM Mutex/Monitor currently owned by a thread: None

Heap address: 0x0000000089a00000, size: 1894 MB, Compressed Oops mode: 32-bit

CDS archive(s) mapped at: [0x0000022898000000-0x0000022898c90000-0x0000022898c90000), size 13172736, SharedBaseAddress: 0x0000022898000000, ArchiveRelocationMode: 1.
Compressed class space mapped at: 0x0000022899000000-0x00000228d9000000, reserved size: 1073741824
Narrow klass base: 0x0000022898000000, Narrow klass shift: 0, Narrow klass range: 0x100000000

GC Precious Log:
 CardTable entry size: 512
 Card Set container configuration: InlinePtr #cards 5 size 8 Array Of Cards #cards 12 size 40 Howl #buckets 4 coarsen threshold 1843 Howl Bitmap #cards 512 size 80 coarsen threshold 460 Card regions per heap region 1 cards per card region 2048
 CPUs: 12 total, 12 available
 Memory: 7573M
 Large Page Support: Disabled
 NUMA Support: Disabled
 Compressed Oops: Enabled (32-bit)
 Heap Region Size: 1M
 Heap Min Capacity: 8M
 Heap Initial Capacity: 120M
 Heap Max Capacity: 1894M
 Pre-touch: Disabled
 Parallel Workers: 10
 Concurrent Workers: 3
 Concurrent Refinement Workers: 10
 Periodic GC: Disabled

Heap:
 garbage-first heap   total 122880K, used 2048K [0x0000000089a00000, 0x0000000100000000)
  region size 1024K, 3 young (3072K), 0 survivors (0K)
 Metaspace       used 1114K, committed 1280K, reserved 1114112K
  class space    used 115K, committed 192K, reserved 1048576K

Heap Regions: E=young(eden), S=young(survivor), O=old, HS=humongous(starts), HC=humongous(continues), CS=collection set, F=free, TAMS=top-at-mark-start, PB=parsable bottom
|   0|0x0000000089a00000, 0x0000000089a00000, 0x0000000089b00000|  0%| F|  |TAMS 0x0000000089a00000| PB 0x0000000089a00000| Untracked 
|   1|0x0000000089b00000, 0x0000000089b00000, 0x0000000089c00000|  0%| F|  |TAMS 0x0000000089b00000| PB 0x0000000089b00000| Untracked 
|   2|0x0000000089c00000, 0x0000000089c00000, 0x0000000089d00000|  0%| F|  |TAMS 0x0000000089c00000| PB 0x0000000089c00000| Untracked 
|   3|0x0000000089d00000, 0x0000000089d00000, 0x0000000089e00000|  0%| F|  |TAMS 0x0000000089d00000| PB 0x0000000089d00000| Untracked 
|   4|0x0000000089e00000, 0x0000000089e00000, 0x0000000089f00000|  0%| F|  |TAMS 0x0000000089e00000| PB 0x0000000089e00000| Untracked 
|   5|0x0000000089f00000, 0x0000000089f00000, 0x000000008a000000|  0%| F|  |TAMS 0x0000000089f00000| PB 0x0000000089f00000| Untracked 
|   6|0x000000008a000000, 0x000000008a000000, 0x000000008a100000|  0%| F|  |TAMS 0x000000008a000000| PB 0x000000008a000000| Untracked 
|   7|0x000000008a100000, 0x000000008a100000, 0x000000008a200000|  0%| F|  |TAMS 0x000000008a100000| PB 0x000000008a100000| Untracked 
|   8|0x000000008a200000, 0x000000008a200000, 0x000000008a300000|  0%| F|  |TAMS 0x000000008a200000| PB 0x000000008a200000| Untracked 
|   9|0x000000008a300000, 0x000000008a300000, 0x000000008a400000|  0%| F|  |TAMS 0x000000008a300000| PB 0x000000008a300000| Untracked 
|  10|0x000000008a400000, 0x000000008a400000, 0x000000008a500000|  0%| F|  |TAMS 0x000000008a400000| PB 0x000000008a400000| Untracked 
|  11|0x000000008a500000, 0x000000008a500000, 0x000000008a600000|  0%| F|  |TAMS 0x000000008a500000| PB 0x000000008a500000| Untracked 
|  12|0x000000008a600000, 0x000000008a600000, 0x000000008a700000|  0%| F|  |TAMS 0x000000008a600000| PB 0x000000008a600000| Untracked 
|  13|0x000000008a700000, 0x000000008a700000, 0x000000008a800000|  0%| F|  |TAMS 0x000000008a700000| PB 0x000000008a700000| Untracked 
|  14|0x000000008a800000, 0x000000008a800000, 0x000000008a900000|  0%| F|  |TAMS 0x000000008a800000| PB 0x000000008a800000| Untracked 
|  15|0x000000008a900000, 0x000000008a900000, 0x000000008aa00000|  0%| F|  |TAMS 0x000000008a900000| PB 0x000000008a900000| Untracked 
|  16|0x000000008aa00000, 0x000000008aa00000, 0x000000008ab00000|  0%| F|  |TAMS 0x000000008aa00000| PB 0x000000008aa00000| Untracked 
|  17|0x000000008ab00000, 0x000000008ab00000, 0x000000008ac00000|  0%| F|  |TAMS 0x000000008ab00000| PB 0x000000008ab00000| Untracked 
|  18|0x000000008ac00000, 0x000000008ac00000, 0x000000008ad00000|  0%| F|  |TAMS 0x000000008ac00000| PB 0x000000008ac00000| Untracked 
|  19|0x000000008ad00000, 0x000000008ad00000, 0x000000008ae00000|  0%| F|  |TAMS 0x000000008ad00000| PB 0x000000008ad00000| Untracked 
|  20|0x000000008ae00000, 0x000000008ae00000, 0x000000008af00000|  0%| F|  |TAMS 0x000000008ae00000| PB 0x000000008ae00000| Untracked 
|  21|0x000000008af00000, 0x000000008af00000, 0x000000008b000000|  0%| F|  |TAMS 0x000000008af00000| PB 0x000000008af00000| Untracked 
|  22|0x000000008b000000, 0x000000008b000000, 0x000000008b100000|  0%| F|  |TAMS 0x000000008b000000| PB 0x000000008b000000| Untracked 
|  23|0x000000008b100000, 0x000000008b100000, 0x000000008b200000|  0%| F|  |TAMS 0x000000008b100000| PB 0x000000008b100000| Untracked 
|  24|0x000000008b200000, 0x000000008b200000, 0x000000008b300000|  0%| F|  |TAMS 0x000000008b200000| PB 0x000000008b200000| Untracked 
|  25|0x000000008b300000, 0x000000008b300000, 0x000000008b400000|  0%| F|  |TAMS 0x000000008b300000| PB 0x000000008b300000| Untracked 
|  26|0x000000008b400000, 0x000000008b400000, 0x000000008b500000|  0%| F|  |TAMS 0x000000008b400000| PB 0x000000008b400000| Untracked 
|  27|0x000000008b500000, 0x000000008b500000, 0x000000008b600000|  0%| F|  |TAMS 0x000000008b500000| PB 0x000000008b500000| Untracked 
|  28|0x000000008b600000, 0x000000008b600000, 0x000000008b700000|  0%| F|  |TAMS 0x000000008b600000| PB 0x000000008b600000| Untracked 
|  29|0x000000008b700000, 0x000000008b700000, 0x000000008b800000|  0%| F|  |TAMS 0x000000008b700000| PB 0x000000008b700000| Untracked 
|  30|0x000000008b800000, 0x000000008b800000, 0x000000008b900000|  0%| F|  |TAMS 0x000000008b800000| PB 0x000000008b800000| Untracked 
|  31|0x000000008b900000, 0x000000008b900000, 0x000000008ba00000|  0%| F|  |TAMS 0x000000008b900000| PB 0x000000008b900000| Untracked 
|  32|0x000000008ba00000, 0x000000008ba00000, 0x000000008bb00000|  0%| F|  |TAMS 0x000000008ba00000| PB 0x000000008ba00000| Untracked 
|  33|0x000000008bb00000, 0x000000008bb00000, 0x000000008bc00000|  0%| F|  |TAMS 0x000000008bb00000| PB 0x000000008bb00000| Untracked 
|  34|0x000000008bc00000, 0x000000008bc00000, 0x000000008bd00000|  0%| F|  |TAMS 0x000000008bc00000| PB 0x000000008bc00000| Untracked 
|  35|0x000000008bd00000, 0x000000008bd00000, 0x000000008be00000|  0%| F|  |TAMS 0x000000008bd00000| PB 0x000000008bd00000| Untracked 
|  36|0x000000008be00000, 0x000000008be00000, 0x000000008bf00000|  0%| F|  |TAMS 0x000000008be00000| PB 0x000000008be00000| Untracked 
|  37|0x000000008bf00000, 0x000000008bf00000, 0x000000008c000000|  0%| F|  |TAMS 0x000000008bf00000| PB 0x000000008bf00000| Untracked 
|  38|0x000000008c000000, 0x000000008c000000, 0x000000008c100000|  0%| F|  |TAMS 0x000000008c000000| PB 0x000000008c000000| Untracked 
|  39|0x000000008c100000, 0x000000008c100000, 0x000000008c200000|  0%| F|  |TAMS 0x000000008c100000| PB 0x000000008c100000| Untracked 
|  40|0x000000008c200000, 0x000000008c200000, 0x000000008c300000|  0%| F|  |TAMS 0x000000008c200000| PB 0x000000008c200000| Untracked 
|  41|0x000000008c300000, 0x000000008c300000, 0x000000008c400000|  0%| F|  |TAMS 0x000000008c300000| PB 0x000000008c300000| Untracked 
|  42|0x000000008c400000, 0x000000008c400000, 0x000000008c500000|  0%| F|  |TAMS 0x000000008c400000| PB 0x000000008c400000| Untracked 
|  43|0x000000008c500000, 0x000000008c500000, 0x000000008c600000|  0%| F|  |TAMS 0x000000008c500000| PB 0x000000008c500000| Untracked 
|  44|0x000000008c600000, 0x000000008c600000, 0x000000008c700000|  0%| F|  |TAMS 0x000000008c600000| PB 0x000000008c600000| Untracked 
|  45|0x000000008c700000, 0x000000008c700000, 0x000000008c800000|  0%| F|  |TAMS 0x000000008c700000| PB 0x000000008c700000| Untracked 
|  46|0x000000008c800000, 0x000000008c800000, 0x000000008c900000|  0%| F|  |TAMS 0x000000008c800000| PB 0x000000008c800000| Untracked 
|  47|0x000000008c900000, 0x000000008c900000, 0x000000008ca00000|  0%| F|  |TAMS 0x000000008c900000| PB 0x000000008c900000| Untracked 
|  48|0x000000008ca00000, 0x000000008ca00000, 0x000000008cb00000|  0%| F|  |TAMS 0x000000008ca00000| PB 0x000000008ca00000| Untracked 
|  49|0x000000008cb00000, 0x000000008cb00000, 0x000000008cc00000|  0%| F|  |TAMS 0x000000008cb00000| PB 0x000000008cb00000| Untracked 
|  50|0x000000008cc00000, 0x000000008cc00000, 0x000000008cd00000|  0%| F|  |TAMS 0x000000008cc00000| PB 0x000000008cc00000| Untracked 
|  51|0x000000008cd00000, 0x000000008cd00000, 0x000000008ce00000|  0%| F|  |TAMS 0x000000008cd00000| PB 0x000000008cd00000| Untracked 
|  52|0x000000008ce00000, 0x000000008ce00000, 0x000000008cf00000|  0%| F|  |TAMS 0x000000008ce00000| PB 0x000000008ce00000| Untracked 
|  53|0x000000008cf00000, 0x000000008cf00000, 0x000000008d000000|  0%| F|  |TAMS 0x000000008cf00000| PB 0x000000008cf00000| Untracked 
|  54|0x000000008d000000, 0x000000008d000000, 0x000000008d100000|  0%| F|  |TAMS 0x000000008d000000| PB 0x000000008d000000| Untracked 
|  55|0x000000008d100000, 0x000000008d100000, 0x000000008d200000|  0%| F|  |TAMS 0x000000008d100000| PB 0x000000008d100000| Untracked 
|  56|0x000000008d200000, 0x000000008d200000, 0x000000008d300000|  0%| F|  |TAMS 0x000000008d200000| PB 0x000000008d200000| Untracked 
|  57|0x000000008d300000, 0x000000008d300000, 0x000000008d400000|  0%| F|  |TAMS 0x000000008d300000| PB 0x000000008d300000| Untracked 
|  58|0x000000008d400000, 0x000000008d400000, 0x000000008d500000|  0%| F|  |TAMS 0x000000008d400000| PB 0x000000008d400000| Untracked 
|  59|0x000000008d500000, 0x000000008d500000, 0x000000008d600000|  0%| F|  |TAMS 0x000000008d500000| PB 0x000000008d500000| Untracked 
|  60|0x000000008d600000, 0x000000008d600000, 0x000000008d700000|  0%| F|  |TAMS 0x000000008d600000| PB 0x000000008d600000| Untracked 
|  61|0x000000008d700000, 0x000000008d700000, 0x000000008d800000|  0%| F|  |TAMS 0x000000008d700000| PB 0x000000008d700000| Untracked 
|  62|0x000000008d800000, 0x000000008d800000, 0x000000008d900000|  0%| F|  |TAMS 0x000000008d800000| PB 0x000000008d800000| Untracked 
|  63|0x000000008d900000, 0x000000008d900000, 0x000000008da00000|  0%| F|  |TAMS 0x000000008d900000| PB 0x000000008d900000| Untracked 
|  64|0x000000008da00000, 0x000000008da00000, 0x000000008db00000|  0%| F|  |TAMS 0x000000008da00000| PB 0x000000008da00000| Untracked 
|  65|0x000000008db00000, 0x000000008db00000, 0x000000008dc00000|  0%| F|  |TAMS 0x000000008db00000| PB 0x000000008db00000| Untracked 
|  66|0x000000008dc00000, 0x000000008dc00000, 0x000000008dd00000|  0%| F|  |TAMS 0x000000008dc00000| PB 0x000000008dc00000| Untracked 
|  67|0x000000008dd00000, 0x000000008dd00000, 0x000000008de00000|  0%| F|  |TAMS 0x000000008dd00000| PB 0x000000008dd00000| Untracked 
|  68|0x000000008de00000, 0x000000008de00000, 0x000000008df00000|  0%| F|  |TAMS 0x000000008de00000| PB 0x000000008de00000| Untracked 
|  69|0x000000008df00000, 0x000000008df00000, 0x000000008e000000|  0%| F|  |TAMS 0x000000008df00000| PB 0x000000008df00000| Untracked 
|  70|0x000000008e000000, 0x000000008e000000, 0x000000008e100000|  0%| F|  |TAMS 0x000000008e000000| PB 0x000000008e000000| Untracked 
|  71|0x000000008e100000, 0x000000008e100000, 0x000000008e200000|  0%| F|  |TAMS 0x000000008e100000| PB 0x000000008e100000| Untracked 
|  72|0x000000008e200000, 0x000000008e200000, 0x000000008e300000|  0%| F|  |TAMS 0x000000008e200000| PB 0x000000008e200000| Untracked 
|  73|0x000000008e300000, 0x000000008e300000, 0x000000008e400000|  0%| F|  |TAMS 0x000000008e300000| PB 0x000000008e300000| Untracked 
|  74|0x000000008e400000, 0x000000008e400000, 0x000000008e500000|  0%| F|  |TAMS 0x000000008e400000| PB 0x000000008e400000| Untracked 
|  75|0x000000008e500000, 0x000000008e500000, 0x000000008e600000|  0%| F|  |TAMS 0x000000008e500000| PB 0x000000008e500000| Untracked 
|  76|0x000000008e600000, 0x000000008e600000, 0x000000008e700000|  0%| F|  |TAMS 0x000000008e600000| PB 0x000000008e600000| Untracked 
|  77|0x000000008e700000, 0x000000008e700000, 0x000000008e800000|  0%| F|  |TAMS 0x000000008e700000| PB 0x000000008e700000| Untracked 
|  78|0x000000008e800000, 0x000000008e800000, 0x000000008e900000|  0%| F|  |TAMS 0x000000008e800000| PB 0x000000008e800000| Untracked 
|  79|0x000000008e900000, 0x000000008e900000, 0x000000008ea00000|  0%| F|  |TAMS 0x000000008e900000| PB 0x000000008e900000| Untracked 
|  80|0x000000008ea00000, 0x000000008ea00000, 0x000000008eb00000|  0%| F|  |TAMS 0x000000008ea00000| PB 0x000000008ea00000| Untracked 
|  81|0x000000008eb00000, 0x000000008eb00000, 0x000000008ec00000|  0%| F|  |TAMS 0x000000008eb00000| PB 0x000000008eb00000| Untracked 
|  82|0x000000008ec00000, 0x000000008ec00000, 0x000000008ed00000|  0%| F|  |TAMS 0x000000008ec00000| PB 0x000000008ec00000| Untracked 
|  83|0x000000008ed00000, 0x000000008ed00000, 0x000000008ee00000|  0%| F|  |TAMS 0x000000008ed00000| PB 0x000000008ed00000| Untracked 
|  84|0x000000008ee00000, 0x000000008ee00000, 0x000000008ef00000|  0%| F|  |TAMS 0x000000008ee00000| PB 0x000000008ee00000| Untracked 
|  85|0x000000008ef00000, 0x000000008ef00000, 0x000000008f000000|  0%| F|  |TAMS 0x000000008ef00000| PB 0x000000008ef00000| Untracked 
|  86|0x000000008f000000, 0x000000008f000000, 0x000000008f100000|  0%| F|  |TAMS 0x000000008f000000| PB 0x000000008f000000| Untracked 
|  87|0x000000008f100000, 0x000000008f100000, 0x000000008f200000|  0%| F|  |TAMS 0x000000008f100000| PB 0x000000008f100000| Untracked 
|  88|0x000000008f200000, 0x000000008f200000, 0x000000008f300000|  0%| F|  |TAMS 0x000000008f200000| PB 0x000000008f200000| Untracked 
|  89|0x000000008f300000, 0x000000008f300000, 0x000000008f400000|  0%| F|  |TAMS 0x000000008f300000| PB 0x000000008f300000| Untracked 
|  90|0x000000008f400000, 0x000000008f400000, 0x000000008f500000|  0%| F|  |TAMS 0x000000008f400000| PB 0x000000008f400000| Untracked 
|  91|0x000000008f500000, 0x000000008f500000, 0x000000008f600000|  0%| F|  |TAMS 0x000000008f500000| PB 0x000000008f500000| Untracked 
|  92|0x000000008f600000, 0x000000008f600000, 0x000000008f700000|  0%| F|  |TAMS 0x000000008f600000| PB 0x000000008f600000| Untracked 
|  93|0x000000008f700000, 0x000000008f700000, 0x000000008f800000|  0%| F|  |TAMS 0x000000008f700000| PB 0x000000008f700000| Untracked 
|  94|0x000000008f800000, 0x000000008f800000, 0x000000008f900000|  0%| F|  |TAMS 0x000000008f800000| PB 0x000000008f800000| Untracked 
|  95|0x000000008f900000, 0x000000008f900000, 0x000000008fa00000|  0%| F|  |TAMS 0x000000008f900000| PB 0x000000008f900000| Untracked 
|  96|0x000000008fa00000, 0x000000008fa00000, 0x000000008fb00000|  0%| F|  |TAMS 0x000000008fa00000| PB 0x000000008fa00000| Untracked 
|  97|0x000000008fb00000, 0x000000008fb00000, 0x000000008fc00000|  0%| F|  |TAMS 0x000000008fb00000| PB 0x000000008fb00000| Untracked 
|  98|0x000000008fc00000, 0x000000008fc00000, 0x000000008fd00000|  0%| F|  |TAMS 0x000000008fc00000| PB 0x000000008fc00000| Untracked 
|  99|0x000000008fd00000, 0x000000008fd00000, 0x000000008fe00000|  0%| F|  |TAMS 0x000000008fd00000| PB 0x000000008fd00000| Untracked 
| 100|0x000000008fe00000, 0x000000008fe00000, 0x000000008ff00000|  0%| F|  |TAMS 0x000000008fe00000| PB 0x000000008fe00000| Untracked 
| 101|0x000000008ff00000, 0x000000008ff00000, 0x0000000090000000|  0%| F|  |TAMS 0x000000008ff00000| PB 0x000000008ff00000| Untracked 
| 102|0x0000000090000000, 0x0000000090000000, 0x0000000090100000|  0%| F|  |TAMS 0x0000000090000000| PB 0x0000000090000000| Untracked 
| 103|0x0000000090100000, 0x0000000090100000, 0x0000000090200000|  0%| F|  |TAMS 0x0000000090100000| PB 0x0000000090100000| Untracked 
| 104|0x0000000090200000, 0x0000000090200000, 0x0000000090300000|  0%| F|  |TAMS 0x0000000090200000| PB 0x0000000090200000| Untracked 
| 105|0x0000000090300000, 0x0000000090300000, 0x0000000090400000|  0%| F|  |TAMS 0x0000000090300000| PB 0x0000000090300000| Untracked 
| 106|0x0000000090400000, 0x0000000090400000, 0x0000000090500000|  0%| F|  |TAMS 0x0000000090400000| PB 0x0000000090400000| Untracked 
| 107|0x0000000090500000, 0x0000000090500000, 0x0000000090600000|  0%| F|  |TAMS 0x0000000090500000| PB 0x0000000090500000| Untracked 
| 108|0x0000000090600000, 0x0000000090600000, 0x0000000090700000|  0%| F|  |TAMS 0x0000000090600000| PB 0x0000000090600000| Untracked 
| 109|0x0000000090700000, 0x0000000090700000, 0x0000000090800000|  0%| F|  |TAMS 0x0000000090700000| PB 0x0000000090700000| Untracked 
| 110|0x0000000090800000, 0x0000000090800000, 0x0000000090900000|  0%| F|  |TAMS 0x0000000090800000| PB 0x0000000090800000| Untracked 
| 111|0x0000000090900000, 0x0000000090900000, 0x0000000090a00000|  0%| F|  |TAMS 0x0000000090900000| PB 0x0000000090900000| Untracked 
| 112|0x0000000090a00000, 0x0000000090a00000, 0x0000000090b00000|  0%| F|  |TAMS 0x0000000090a00000| PB 0x0000000090a00000| Untracked 
| 113|0x0000000090b00000, 0x0000000090b00000, 0x0000000090c00000|  0%| F|  |TAMS 0x0000000090b00000| PB 0x0000000090b00000| Untracked 
| 114|0x0000000090c00000, 0x0000000090c00000, 0x0000000090d00000|  0%| F|  |TAMS 0x0000000090c00000| PB 0x0000000090c00000| Untracked 
| 115|0x0000000090d00000, 0x0000000090d00000, 0x0000000090e00000|  0%| F|  |TAMS 0x0000000090d00000| PB 0x0000000090d00000| Untracked 
| 116|0x0000000090e00000, 0x0000000090e00000, 0x0000000090f00000|  0%| F|  |TAMS 0x0000000090e00000| PB 0x0000000090e00000| Untracked 
| 117|0x0000000090f00000, 0x0000000090fec088, 0x0000000091000000| 92%| E|  |TAMS 0x0000000090f00000| PB 0x0000000090f00000| Complete 
| 118|0x0000000091000000, 0x0000000091100000, 0x0000000091100000|100%| E|CS|TAMS 0x0000000091000000| PB 0x0000000091000000| Complete 
| 119|0x0000000091100000, 0x0000000091200000, 0x0000000091200000|100%| E|CS|TAMS 0x0000000091100000| PB 0x0000000091100000| Complete 

Card table byte_map: [0x00000228f9360000,0x00000228f9720000] _byte_map_base: 0x00000228f8f13000

Marking Bits: (CMBitMap*) 0x00000228f89d8730
 Bits: [0x00000228f9720000, 0x00000228fb4b8000)

Polling page: 0x00000228f6900000

Metaspace:

Usage:
  Non-class:      1.02 MB used.
      Class:    122.02 KB used.
       Both:      1.14 MB used.

Virtual space:
  Non-class space:       64.00 MB reserved,       1.12 MB (  2%) committed,  1 nodes.
      Class space:        1.00 GB reserved,     192.00 KB ( <1%) committed,  1 nodes.
             Both:        1.06 GB reserved,       1.31 MB ( <1%) committed. 

Chunk freelists:
   Non-Class:  11.98 MB
       Class:  15.73 MB
        Both:  27.71 MB

MaxMetaspaceSize: unlimited
CompressedClassSpaceSize: 1.00 GB
Initial GC threshold: 21.00 MB
Current GC threshold: 21.00 MB
CDS: on
 - commit_granule_bytes: 65536.
 - commit_granule_words: 8192.
 - virtual_space_node_default_size: 8388608.
 - enlarge_chunks_in_place: 1.
 - use_allocation_guard: 0.


Internal statistics:

num_allocs_failed_limit: 0.
num_arena_births: 8.
num_arena_deaths: 0.
num_vsnodes_births: 2.
num_vsnodes_deaths: 0.
num_space_committed: 21.
num_space_uncommitted: 0.
num_chunks_returned_to_freelist: 0.
num_chunks_taken_from_freelist: 12.
num_chunk_merges: 0.
num_chunk_splits: 8.
num_chunks_enlarged: 4.
num_inconsistent_stats: 0.

CodeHeap 'non-profiled nmethods': size=120000Kb used=61Kb max_used=61Kb free=119938Kb
 bounds [0x000002288fe70000, 0x00000228900e0000, 0x00000228973a0000]
CodeHeap 'profiled nmethods': size=120000Kb used=182Kb max_used=182Kb free=119817Kb
 bounds [0x00000228883a0000, 0x0000022888610000, 0x000002288f8d0000]
CodeHeap 'non-nmethods': size=5760Kb used=1284Kb max_used=1298Kb free=4475Kb
 bounds [0x000002288f8d0000, 0x000002288fb40000, 0x000002288fe70000]
 total_blobs=583 nmethods=182 adapters=306
 compilation: enabled
              stopped_count=0, restarted_count=0
 full_count=0

Compilation events (20 events):
Event: 0.068 Thread 0x00000228fe122cf0 nmethod 172 0x000002288fe7cf90 code [0x000002288fe7d120, 0x000002288fe7d1e8]
Event: 0.068 Thread 0x00000228fe122cf0  173       1       java.lang.module.ResolvedModule::reference (5 bytes)
Event: 0.068 Thread 0x00000228fe122cf0 nmethod 173 0x000002288fe7d290 code [0x000002288fe7d420, 0x000002288fe7d4e8]
Event: 0.068 Thread 0x00000228fe122cf0  174       1       java.lang.AbstractStringBuilder::getValue (5 bytes)
Event: 0.068 Thread 0x00000228fe122cf0 nmethod 174 0x000002288fe7d590 code [0x000002288fe7d720, 0x000002288fe7d7e8]
Event: 0.068 Thread 0x00000228fe122cf0  175       1       java.lang.AbstractStringBuilder::length (5 bytes)
Event: 0.068 Thread 0x00000228fe122cf0 nmethod 175 0x000002288fe7d890 code [0x000002288fe7da20, 0x000002288fe7dae8]
Event: 0.068 Thread 0x00000228fe122cf0  176       3       java.lang.AbstractStringBuilder::ensureCapacityInternal (39 bytes)
Event: 0.068 Thread 0x00000228fe122cf0 nmethod 176 0x00000228883cb510 code [0x00000228883cb6e0, 0x00000228883cb910]
Event: 0.068 Thread 0x00000228fe122cf0  177       3       java.util.Arrays::copyOfRange (25 bytes)
Event: 0.069 Thread 0x00000228fe122cf0 nmethod 177 0x00000228883cba10 code [0x00000228883cbcc0, 0x00000228883cc880]
Event: 0.069 Thread 0x00000228fe122cf0  178       3       java.lang.AbstractStringBuilder::putStringAt (19 bytes)
Event: 0.069 Thread 0x00000228fe122cf0 nmethod 178 0x00000228883ccc90 code [0x00000228883cce60, 0x00000228883cd140]
Event: 0.069 Thread 0x00000228fe122cf0  179       3       java.lang.AbstractStringBuilder::inflateIfNeededFor (22 bytes)
Event: 0.069 Thread 0x00000228fe122cf0 nmethod 179 0x00000228883cd290 code [0x00000228883cd440, 0x00000228883cd658]
Event: 0.069 Thread 0x00000228fe122cf0  180       3       java.lang.AbstractStringBuilder::isLatin1 (19 bytes)
Event: 0.069 Thread 0x00000228fe122cf0 nmethod 180 0x00000228883cd790 code [0x00000228883cd940, 0x00000228883cdab8]
Event: 0.069 Thread 0x00000228fe122cf0  181       1       java.lang.module.ModuleDescriptor$Version::toString (5 bytes)
Event: 0.069 Thread 0x00000228fe122cf0 nmethod 181 0x000002288fe7db90 code [0x000002288fe7dd20, 0x000002288fe7dde8]
Event: 0.069 Thread 0x000002289766c790  167       4       java.lang.StringLatin1::equals (36 bytes)

GC Heap History (0 events):
No events

Dll operation events (4 events):
Event: 0.006 Loaded shared library C:\Program Files\Java\jdk-21\bin\java.dll
Event: 0.033 Loaded shared library C:\Program Files\Java\jdk-21\bin\jsvml.dll
Event: 0.057 Loaded shared library C:\Program Files\Java\jdk-21\bin\net.dll
Event: 0.058 Loaded shared library C:\Program Files\Java\jdk-21\bin\nio.dll

Deoptimization events (0 events):
No events

Classes loaded (20 events):
Event: 0.060 Loading class java/nio/file/DirectoryStream done
Event: 0.060 Loading class sun/nio/fs/WindowsDirectoryStream done
Event: 0.060 Loading class sun/nio/fs/WindowsDirectoryStream$WindowsDirectoryIterator
Event: 0.060 Loading class sun/nio/fs/WindowsDirectoryStream$WindowsDirectoryIterator done
Event: 0.060 Loading class sun/nio/fs/WindowsPath$WindowsPathWithAttributes
Event: 0.060 Loading class sun/nio/fs/BasicFileAttributesHolder
Event: 0.060 Loading class sun/nio/fs/BasicFileAttributesHolder done
Event: 0.060 Loading class sun/nio/fs/WindowsPath$WindowsPathWithAttributes done
Event: 0.060 Loading class java/nio/file/attribute/FileAttribute
Event: 0.060 Loading class java/nio/file/attribute/FileAttribute done
Event: 0.060 Loading class sun/nio/fs/WindowsSecurityDescriptor
Event: 0.061 Loading class sun/nio/fs/WindowsSecurityDescriptor done
Event: 0.061 Loading class sun/nio/fs/WindowsChannelFactory
Event: 0.061 Loading class sun/nio/fs/WindowsChannelFactory done
Event: 0.061 Loading class sun/nio/fs/WindowsChannelFactory$1
Event: 0.061 Loading class sun/nio/fs/WindowsChannelFactory$1 done
Event: 0.061 Loading class sun/nio/fs/WindowsChannelFactory$Flags
Event: 0.061 Loading class sun/nio/fs/WindowsChannelFactory$Flags done
Event: 0.063 Loading class jdk/internal/module/ModuleReferenceImpl$CachedHash
Event: 0.063 Loading class jdk/internal/module/ModuleReferenceImpl$CachedHash done

Classes unloaded (0 events):
No events

Classes redefined (0 events):
No events

Internal exceptions (3 events):
Event: 0.059 Thread 0x00000228f8989270 Exception <a 'sun/nio/fs/WindowsException'{0x0000000091044770}> (0x0000000091044770) 
thrown [s\open\src\hotspot\share\prims\jni.cpp, line 520]
Event: 0.061 Thread 0x00000228f8989270 Exception <a 'sun/nio/fs/WindowsException'{0x0000000091046a88}> (0x0000000091046a88) 
thrown [s\open\src\hotspot\share\prims\jni.cpp, line 520]
Event: 0.061 Thread 0x00000228f8989270 Exception <a 'sun/nio/fs/WindowsException'{0x00000000910474a8}> (0x00000000910474a8) 
thrown [s\open\src\hotspot\share\prims\jni.cpp, line 520]

ZGC Phase Switch (0 events):
No events

VM Operations (2 events):
Event: 0.062 Executing VM operation: HandshakeAllThreads (Deoptimize)
Event: 0.062 Executing VM operation: HandshakeAllThreads (Deoptimize) done

Events (11 events):
Event: 0.020 Thread 0x00000228f8989270 Thread added: 0x00000228f8989270
Event: 0.031 Thread 0x00000228fe11bcb0 Thread added: 0x00000228fe11bcb0
Event: 0.031 Thread 0x00000228fe11c9d0 Thread added: 0x00000228fe11c9d0
Event: 0.031 Thread 0x00000228fe11d590 Thread added: 0x00000228fe11d590
Event: 0.031 Thread 0x00000228fe11dff0 Thread added: 0x00000228fe11dff0
Event: 0.031 Thread 0x00000228fe11ea50 Thread added: 0x00000228fe11ea50
Event: 0.031 Thread 0x00000228fe1214c0 Thread added: 0x00000228fe1214c0
Event: 0.031 Thread 0x00000228fe122250 Thread added: 0x00000228fe122250
Event: 0.031 Thread 0x00000228fe122cf0 Thread added: 0x00000228fe122cf0
Event: 0.049 Thread 0x0000022897567740 Thread added: 0x0000022897567740
Event: 0.069 Thread 0x000002289766c790 Thread added: 0x000002289766c790


Dynamic libraries:
0x00007ff7e28f0000 - 0x00007ff7e2900000 	C:\Program Files\Java\jdk-21\bin\java.exe
0x00007ffb96f10000 - 0x00007ffb97127000 	C:\WINDOWS\SYSTEM32\ntdll.dll
0x00007ffb960a0000 - 0x00007ffb96164000 	C:\WINDOWS\System32\KERNEL32.DLL
0x00007ffb944f0000 - 0x00007ffb948c3000 	C:\WINDOWS\System32\KERNELBASE.dll
0x00007ffb94330000 - 0x00007ffb94441000 	C:\WINDOWS\System32\ucrtbase.dll
0x00007ffb868e0000 - 0x00007ffb868fb000 	C:\Program Files\Java\jdk-21\bin\VCRUNTIME140.dll
0x00007ffb90dc0000 - 0x00007ffb90dd9000 	C:\Program Files\Java\jdk-21\bin\jli.dll
0x00007ffb961f0000 - 0x00007ffb962a1000 	C:\WINDOWS\System32\ADVAPI32.dll
0x00007ffb96e20000 - 0x00007ffb96ec7000 	C:\WINDOWS\System32\msvcrt.dll
0x00007ffb96830000 - 0x00007ffb968d8000 	C:\WINDOWS\System32\sechost.dll
0x00007ffb94020000 - 0x00007ffb94048000 	C:\WINDOWS\System32\bcrypt.dll
0x00007ffb95180000 - 0x00007ffb95294000 	C:\WINDOWS\System32\RPCRT4.dll
0x00007ffb96670000 - 0x00007ffb96821000 	C:\WINDOWS\System32\USER32.dll
0x00007ffb94190000 - 0x00007ffb941b6000 	C:\WINDOWS\System32\win32u.dll
0x00007ffb83d60000 - 0x00007ffb83ff8000 	C:\WINDOWS\WinSxS\amd64_microsoft.windows.common-controls_6595b64144ccf1df_6.0.22621.5124_none_270e8f4f7386d69d\COMCTL32.dll
0x00007ffb94bb0000 - 0x00007ffb94bd9000 	C:\WINDOWS\System32\GDI32.dll
0x00007ffb948d0000 - 0x00007ffb949eb000 	C:\WINDOWS\System32\gdi32full.dll
0x00007ffb94450000 - 0x00007ffb944ea000 	C:\WINDOWS\System32\msvcp_win.dll
0x00007ffb8cc50000 - 0x00007ffb8cc5a000 	C:\WINDOWS\SYSTEM32\VERSION.dll
0x00007ffb96930000 - 0x00007ffb96961000 	C:\WINDOWS\System32\IMM32.DLL
0x00007ffb905a0000 - 0x00007ffb905ac000 	C:\Program Files\Java\jdk-21\bin\vcruntime140_1.dll
0x00007ffb216d0000 - 0x00007ffb2175e000 	C:\Program Files\Java\jdk-21\bin\msvcp140.dll
0x00007ffb246a0000 - 0x00007ffb253b7000 	C:\Program Files\Java\jdk-21\bin\server\jvm.dll
0x00007ffb94f40000 - 0x00007ffb94fb1000 	C:\WINDOWS\System32\WS2_32.dll
0x00007ffb93d40000 - 0x00007ffb93d8d000 	C:\WINDOWS\SYSTEM32\POWRPROF.dll
0x00007ffb8aef0000 - 0x00007ffb8af24000 	C:\WINDOWS\SYSTEM32\WINMM.dll
0x00007ffb93d20000 - 0x00007ffb93d33000 	C:\WINDOWS\SYSTEM32\UMPDC.dll
0x00007ffb93010000 - 0x00007ffb93028000 	C:\WINDOWS\SYSTEM32\kernel.appcore.dll
0x00007ffb8eb90000 - 0x00007ffb8eb9a000 	C:\Program Files\Java\jdk-21\bin\jimage.dll
0x00007ffb8d740000 - 0x00007ffb8d972000 	C:\WINDOWS\SYSTEM32\DBGHELP.DLL
0x00007ffb962b0000 - 0x00007ffb96642000 	C:\WINDOWS\System32\combase.dll
0x00007ffb952d0000 - 0x00007ffb953a7000 	C:\WINDOWS\System32\OLEAUT32.dll
0x00007ffb6ee10000 - 0x00007ffb6ee42000 	C:\WINDOWS\SYSTEM32\dbgcore.DLL
0x00007ffb94a70000 - 0x00007ffb94aeb000 	C:\WINDOWS\System32\bcryptPrimitives.dll
0x00007ffb868c0000 - 0x00007ffb868df000 	C:\Program Files\Java\jdk-21\bin\java.dll
0x00007ffb95800000 - 0x00007ffb96096000 	C:\WINDOWS\System32\SHELL32.dll
0x00007ffb94050000 - 0x00007ffb9418f000 	C:\WINDOWS\System32\wintypes.dll
0x00007ffb91ef0000 - 0x00007ffb9280a000 	C:\WINDOWS\SYSTEM32\windows.storage.dll
0x00007ffb95070000 - 0x00007ffb9517a000 	C:\WINDOWS\System32\SHCORE.dll
0x00007ffb953b0000 - 0x00007ffb95413000 	C:\WINDOWS\System32\shlwapi.dll
0x00007ffb93f50000 - 0x00007ffb93f7b000 	C:\WINDOWS\SYSTEM32\profapi.dll
0x00007ffb28060000 - 0x00007ffb28137000 	C:\Program Files\Java\jdk-21\bin\jsvml.dll
0x00007ffb87cb0000 - 0x00007ffb87cc0000 	C:\Program Files\Java\jdk-21\bin\net.dll
0x00007ffb8efd0000 - 0x00007ffb8f0fc000 	C:\WINDOWS\SYSTEM32\WINHTTP.dll
0x00007ffb93480000 - 0x00007ffb934ea000 	C:\WINDOWS\system32\mswsock.dll
0x00007ffb69b70000 - 0x00007ffb69b86000 	C:\Program Files\Java\jdk-21\bin\nio.dll
0x00007ffb64f40000 - 0x00007ffb64f58000 	C:\Program Files\Java\jdk-21\bin\zip.dll

dbghelp: loaded successfully - version: 4.0.5 - missing functions: none
symbol engine: initialized successfully - sym options: 0x614 - pdb path: .;C:\Program Files\Java\jdk-21\bin;C:\WINDOWS\SYSTEM32;C:\WINDOWS\WinSxS\amd64_microsoft.windows.common-controls_6595b64144ccf1df_6.0.22621.5124_none_270e8f4f7386d69d;C:\Program Files\Java\jdk-21\bin\server

VM Arguments:
jvm_args: -Dfile.encoding=UTF-8 --module-path=C:\Users\USER\OneDrive\Desktop\Banking System\build\classes 
java_command: banking.system.Signup1
java_class_path (initial): C:\Users\USER\OneDrive\Desktop\jcalendar-tz-1.3.3-4.jar;C:\Users\USER\OneDrive\Desktop\sqljdbc_12.10\enu\jars;C:\Users\USER\OneDrive\Desktop\Banking System\build\classes
Launcher Type: SUN_STANDARD

[Global flags]
     intx CICompilerCount                          = 4                                         {product} {ergonomic}
     uint ConcGCThreads                            = 3                                         {product} {ergonomic}
     uint G1ConcRefinementThreads                  = 10                                        {product} {ergonomic}
   size_t G1HeapRegionSize                         = 1048576                                   {product} {ergonomic}
    uintx GCDrainStackTargetSize                   = 64                                        {product} {ergonomic}
   size_t InitialHeapSize                          = 125829120                                 {product} {ergonomic}
   size_t MarkStackSize                            = 4194304                                   {product} {ergonomic}
   size_t MaxHeapSize                              = 1986002944                                {product} {ergonomic}
   size_t MaxNewSize                               = 1191182336                                {product} {ergonomic}
   size_t MinHeapDeltaBytes                        = 1048576                                   {product} {ergonomic}
   size_t MinHeapSize                              = 8388608                                   {product} {ergonomic}
    uintx NonNMethodCodeHeapSize                   = 5839372                                {pd product} {ergonomic}
    uintx NonProfiledCodeHeapSize                  = 122909434                              {pd product} {ergonomic}
    uintx ProfiledCodeHeapSize                     = 122909434                              {pd product} {ergonomic}
    uintx ReservedCodeCacheSize                    = 251658240                              {pd product} {ergonomic}
     bool SegmentedCodeCache                       = true                                      {product} {ergonomic}
   size_t SoftMaxHeapSize                          = 1986002944                             {manageable} {ergonomic}
     bool UseCompressedOops                        = true                           {product lp64_product} {ergonomic}
     bool UseG1GC                                  = true                                      {product} {ergonomic}
     bool UseLargePagesIndividualAllocation        = false                                  {pd product} {ergonomic}

Logging:
Log output configuration:
 #0: stdout all=warning uptime,level,tags foldmultilines=false
 #1: stderr all=off uptime,level,tags foldmultilines=false

Environment Variables:
PATH=C:\Program Files\Common Files\Oracle\Java\javapath;C:\WINDOWS\system32;C:\WINDOWS;C:\WINDOWS\System32\Wbem;C:\WINDOWS\System32\WindowsPowerShell\v1.0\;C:\WINDOWS\System32\OpenSSH\;C:\MinGW\bin;C:\Program Files\Cloudflare\Cloudflare WARP\;C:\Program Files (x86)\Microsoft SQL Server\160\Tools\Binn\;C:\Program Files\Microsoft SQL Server\160\Tools\Binn\;C:\Program Files\Microsoft SQL Server\Client SDK\ODBC\170\Tools\Binn\;C:\Program Files\Microsoft SQL Server\160\DTS\Binn\;C:\Program Files (x86)\Microsoft SQL Server\160\DTS\Binn\;C:\Users\USER\AppData\Local\Programs\Python\Python312\Scripts\;C:\Users\USER\AppData\Local\Programs\Python\Python312\;C:\Users\USER\AppData\Local\Microsoft\WindowsApps;C:\Users\USER\AppData\Local\Programs\Microsoft VS Code\bin
USERNAME=USER
OS=Windows_NT
PROCESSOR_IDENTIFIER=AMD64 Family 23 Model 96 Stepping 1, AuthenticAMD
TMP=C:\Users\USER\AppData\Local\Temp
TEMP=C:\Users\USER\AppData\Local\Temp




Periodic native trim disabled

---------------  S Y S T E M  ---------------

OS:
 Windows 11 , 64 bit Build 22621 (10.0.22621.5124)
OS uptime: 8 days 20:26 hours
Hyper-V role detected

CPU: total 12 (initial active 12) (12 cores per cpu, 2 threads per core) family 23 model 96 stepping 1 microcode 0x0, cx8, cmov, fxsr, ht, mmx, 3dnowpref, sse, sse2, sse3, ssse3, sse4a, sse4.1, sse4.2, popcnt, lzcnt, tsc, tscinvbit, avx, avx2, aes, clmul, bmi1, bmi2, adx, sha, fma, vzeroupper, clflush, clflushopt, hv, rdtscp, rdpid, f16c
Processor Information for all 12 processors :
  Max Mhz: 3701, Current Mhz: 3701, Mhz Limit: 3701

Memory: 4k page, system-wide physical 7573M (770M free)
TotalPageFile size 19861M (AvailPageFile size 4M)
current process WorkingSet (physical memory assigned to process): 39M, peak: 39M
current process commit charge ("private bytes"): 206M, peak: 206M

vm_info: Java HotSpot(TM) 64-Bit Server VM (21.0.2+13-LTS-58) for windows-amd64 JRE (21.0.2+13-LTS-58), built on 2024-01-05T18:32:24Z by "mach5one" with MS VC++ 17.1 (VS2022)

END.
